2020-07-23 19:41:34,559 - config - access.py - INFO - https://www.luoxia.com/santi/ 	 200
2020-07-23 19:51:25,307 - config - access.py - INFO - https://www.luoxia.com/santi/ 	 200
2020-07-23 19:51:40,111 - config - access.py - INFO - https://www.luoxia.com/santi/ 	 200
2020-07-23 19:55:26,386 - config - access.py - INFO - https://www.luoxia.com/santi/ 	 200
2020-07-23 19:57:51,736 - config - access.py - INFO - https://www.luoxia.com/santi/ 	 200
2020-07-23 20:02:22,417 - config - access.py - INFO - https://www.luoxia.com/santi/ 	 200
2020-07-23 20:06:42,184 - config - access.py - INFO - https://www.luoxia.com/santi/ 	 200
2020-07-23 20:07:04,198 - config - access.py - INFO - https://www.luoxia.com/santi/ 	 200
2020-07-23 20:07:59,463 - config - access.py - INFO - https://www.luoxia.com/santi/ 	 200
2020-07-23 20:17:16,814 - config - access.py - INFO - https://www.luoxia.com/santi/ 	 200
2020-07-23 20:18:56,454 - config - access.py - INFO - https://www.luoxia.com/santi/ 	 200
2020-07-23 20:21:29,334 - config - access.py - INFO - https://www.luoxia.com/santi/ 	 200
2020-07-23 20:23:30,008 - config - access.py - INFO - https://www.luoxia.com/santi/ 	 200
2020-07-23 20:30:29,441 - config - access.py - INFO - https://www.luoxia.com/santi/ 	 200
2020-07-23 20:35:10,480 - config - access.py - INFO - https://www.luoxia.com/santi/ 	 200
2020-07-23 20:50:35,519 - config - access.py - INFO - https://www.luoxia.com/santi/ 	 200
2020-07-23 21:12:13,991 - config - access.py - INFO - https://www.luoxia.com/santi/ 	 200
2020-07-23 21:12:57,581 - config - access.py - INFO - https://www.luoxia.com/santi/ 	 200
2020-07-23 21:13:44,044 - config - access.py - INFO - https://www.luoxia.com/santi/ 	 200
2020-07-23 21:14:29,810 - config - access.py - INFO - https://www.luoxia.com/santi/ 	 200
2020-07-23 21:38:06,125 - config - access.py - WARNING - HTTPConnectionPool(host='99csw.com', port=80): Read timed out. (read timeout=3)
2020-07-23 21:40:04,575 - config - access.py - INFO - https://www.luoxia.com/santi/ 	 200
2020-07-23 21:40:04,575 - config - access.py - INFO - list index out of range
2020-07-23 21:40:04,575 - config - access.py - INFO - list index out of range
2020-07-23 22:06:12,231 - config - access.py - INFO - https://www.luoxia.com/santi/26687.htm 	 200
2020-07-23 22:06:12,263 - config - access.py - INFO - __shizongzuiContent()
2020-07-23 22:06:12,263 - config - access.py - WARNING - list index out of range
2020-07-23 22:07:26,559 - config - access.py - INFO - https://www.luoxia.com/santi/26687.htm 	 200
2020-07-23 22:08:35,586 - config - access.py - INFO - https://www.luoxia.com/santi/26687.htm 	 200
2020-07-23 22:09:41,119 - config - access.py - INFO - https://www.luoxia.com/santi/26687.htm 	 200
2020-07-23 22:11:28,072 - config - access.py - INFO - https://www.luoxia.com/santi/26687.htm 	 200
2020-07-23 22:13:14,283 - config - access.py - INFO - https://www.luoxia.com/santi/26687.htm 	 200
2020-07-23 22:19:36,676 - config - access.py - INFO - https://www.luoxia.com/santi/26687.htm 	 200
2020-07-23 22:19:55,798 - config - access.py - INFO - https://www.luoxia.com/santi/26687.htm 	 200
2020-07-23 22:20:22,438 - config - access.py - INFO - https://www.luoxia.com/santi/26687.htm 	 200
2020-07-23 22:20:55,088 - config - access.py - INFO - https://www.luoxia.com/santi/26687.htm 	 200
2020-07-23 22:22:58,446 - config - access.py - INFO - https://www.luoxia.com/santi/26687.htm 	 200
2020-07-23 22:22:58,446 - config - access.py - INFO - __shizongzuiContent()
2020-07-23 22:22:58,446 - config - access.py - WARNING - Type 'list' cannot be serialized.
2020-07-23 22:30:20,051 - config - app.py - INFO - homepage can't invoke "destroy" command: application has been destroyed
2020-07-23 22:30:20,051 - config - app.py - INFO - homepage can't invoke "destroy" command: application has been destroyed
2020-07-23 22:37:04,794 - config - access.py - INFO - https://www.luoxia.com/santi/26687.htm 	 200
2020-07-23 22:37:04,797 - config - access.py - INFO - __luoxiaContent()
2020-07-23 22:37:04,797 - config - access.py - WARNING - Type 'list' cannot be serialized.
2020-07-23 22:37:40,830 - config - access.py - INFO - https://www.luoxia.com/santi/26687.htm 	 200
2020-07-23 22:38:58,279 - config - access.py - INFO - https://www.luoxia.com/santi/26687.htm 	 200
2020-07-23 22:39:41,482 - config - access.py - INFO - https://www.luoxia.com/santi/26687.htm 	 200
2020-07-24 08:54:30,036 - config - access.py - INFO - https://www.luoxia.com/santi/26687.htm 	 200
2020-07-24 08:55:09,146 - config - access.py - INFO - https://www.luoxia.com/santi/26687.htm 	 200
2020-07-24 08:57:33,154 - config - access.py - INFO - https://www.luoxia.com/santi/26687.htm 	 200
2020-07-24 08:59:48,889 - config - access.py - INFO - https://www.luoxia.com/santi/26687.htm 	 200
2020-07-24 09:00:30,833 - config - access.py - INFO - https://www.luoxia.com/santi/26687.htm 	 200
2020-07-24 09:00:53,419 - config - access.py - INFO - https://www.luoxia.com/santi/26687.htm 	 200
2020-07-24 09:02:57,172 - config - access.py - INFO - https://www.luoxia.com/santi/26687.htm 	 200
2020-07-24 09:03:19,018 - config - access.py - INFO - https://www.luoxia.com/santi/26687.htm 	 200
2020-07-24 09:03:19,034 - config - access.py - INFO - <Element p at 0xd707651448> no user <p>
2020-07-24 09:04:10,514 - config - access.py - INFO - https://www.luoxia.com/santi/26687.htm 	 200
2020-07-24 09:04:10,529 - config - access.py - INFO - <Element p at 0xf889f41548> no user <p>
2020-07-24 09:08:16,550 - config - access.py - INFO - https://www.luoxia.com/santi/26687.htm 	 200
2020-07-24 09:08:51,859 - config - access.py - INFO - https://www.luoxia.com/santi/26687.htm 	 200
2020-07-24 09:08:51,859 - config - access.py - INFO - <Element p at 0xc9dfcf43c8> no use <p>
2020-07-24 09:10:11,455 - config - access.py - INFO - https://www.luoxia.com/santi/26687.htm 	 200
2020-07-24 09:10:11,471 - config - access.py - INFO - <Element p at 0x4629235348> no use <p>
2020-07-24 09:29:13,940 - config - access.py - INFO - getHtml()
2020-07-24 09:29:13,940 - config - access.py - WARNING - HTTPConnectionPool(host='99csw.com', port=80): Read timed out. (read timeout=3)
2020-07-24 09:29:13,940 - config - access.py - INFO - extractChapters()
2020-07-24 09:29:13,940 - config - access.py - WARNING - can only parse strings
2020-07-24 09:29:49,073 - config - access.py - INFO - http://99csw.com/book/8227/index.htm 	 200
2020-07-24 09:33:47,950 - config - access.py - INFO - http://99csw.com/book/8227/index.htm 	 200
2020-07-24 09:34:50,478 - config - access.py - INFO - http://99csw.com/book/8227/index.htm 	 200
2020-07-24 09:36:53,174 - config - access.py - INFO - getHtml()
2020-07-24 09:36:53,174 - config - access.py - WARNING - HTTPConnectionPool(host='99csw.com', port=80): Read timed out. (read timeout=7)
2020-07-24 09:36:53,174 - config - access.py - INFO - extractChapters()
2020-07-24 09:36:53,174 - config - access.py - WARNING - can only parse strings
2020-07-24 09:37:47,064 - config - access.py - INFO - http://99csw.com/book/8227/index.htm 	 200
2020-07-24 09:38:14,002 - config - access.py - INFO - http://99csw.com/book/8227/index.htm 	 200
2020-07-24 09:54:31,863 - config - access.py - INFO - getHtml()
2020-07-24 09:54:31,863 - config - access.py - WARNING - HTTPConnectionPool(host='99csw.com', port=80): Read timed out. (read timeout=7)
2020-07-24 09:54:31,863 - config - access.py - INFO - extractContent()
2020-07-24 09:54:31,863 - config - access.py - WARNING - can only parse strings
2020-07-24 09:54:43,097 - config - access.py - INFO - getHtml()
2020-07-24 09:54:43,097 - config - access.py - WARNING - HTTPConnectionPool(host='99csw.com', port=80): Read timed out. (read timeout=7)
2020-07-24 09:54:43,097 - config - access.py - INFO - extractContent()
2020-07-24 09:54:43,097 - config - access.py - WARNING - can only parse strings
2020-07-24 09:54:53,153 - config - access.py - INFO - getHtml()
2020-07-24 09:54:53,153 - config - access.py - WARNING - HTTPConnectionPool(host='99csw.com', port=80): Read timed out. (read timeout=7)
2020-07-24 09:54:53,153 - config - access.py - INFO - extractContent()
2020-07-24 09:54:53,153 - config - access.py - WARNING - can only parse strings
2020-07-24 09:55:13,856 - config - access.py - INFO - getHtml()
2020-07-24 09:55:13,856 - config - access.py - WARNING - HTTPConnectionPool(host='99csw.com', port=80): Read timed out. (read timeout=7)
2020-07-24 09:55:13,856 - config - access.py - INFO - extractContent()
2020-07-24 09:55:13,856 - config - access.py - WARNING - can only parse strings
2020-07-24 09:56:10,839 - config - access.py - INFO - getHtml()
2020-07-24 09:56:10,839 - config - access.py - WARNING - HTTPConnectionPool(host='99csw.com', port=80): Read timed out. (read timeout=7)
2020-07-24 09:56:10,839 - config - access.py - INFO - extractContent()
2020-07-24 09:56:10,839 - config - access.py - WARNING - can only parse strings
2020-07-24 09:57:12,838 - config - access.py - INFO - http://99csw.com/book/8227/287617.htm 	 200
2020-07-24 09:59:52,978 - config - access.py - INFO - http://99csw.com/book/8227/287617.htm 	 200
2020-07-24 10:19:39,759 - config - access.py - INFO - http://99csw.com/book/8227/287617.htm 	 200
2020-07-24 11:07:27,795 - config - access.py - INFO - save()
2020-07-24 11:07:27,795 - config - access.py - WARNING - join() argument must be str or bytes, not 'NoneType'
2020-07-24 11:11:48,547 - config - access.py - INFO - \temp\../temp
2020-07-24 11:12:01,327 - config - access.py - INFO - \temp\sdfafdfafd
2020-07-24 11:12:21,390 - config - access.py - INFO - \temp\sdfafdfafd.txt
2020-07-24 11:14:10,015 - config - access.py - INFO - save()
2020-07-24 11:14:10,015 - config - access.py - WARNING - The chapter already exists.
2020-07-24 11:15:57,797 - config - access.py - INFO - ../book/123\qaaz.txt
2020-07-24 11:16:31,797 - config - access.py - INFO - ..\book\123\qaaz.txt
2020-07-24 11:22:09,091 - config - access.py - INFO - ..\book\123\qaaz.txt
2020-07-24 11:24:33,508 - config - access.py - INFO - http://99csw.com/book/8227/287617.htm 	 200
2020-07-24 11:24:33,508 - config - access.py - INFO - download()
2020-07-24 11:24:33,508 - config - access.py - WARNING - unsupported operand type(s) for +: 'NoneType' and 'str'
2020-07-24 11:26:41,085 - config - access.py - INFO - http://99csw.com/book/8227/287617.htm 	 200
2020-07-24 11:26:41,085 - config - access.py - INFO - download()
2020-07-24 11:26:41,085 - config - access.py - WARNING - unsupported operand type(s) for +: 'NoneType' and 'str'
2020-07-24 11:29:16,617 - config - access.py - INFO - http://99csw.com/book/8227/287617.htm 	 200
2020-07-24 11:35:16,237 - config - access.py - INFO - download()
2020-07-24 11:35:16,455 - config - access.py - WARNING - unsupported operand type(s) for +: 'NoneType' and 'str'
2020-07-24 11:38:45,729 - config - access.py - INFO - http://99csw.com/book/8227/287617.htm 	 200
2020-07-24 11:39:42,336 - config - access.py - INFO - http://99csw.com/book/8227/287617.htm 	 200
2020-07-24 11:39:42,352 - config - access.py - INFO - ..\book\三体\第一章 巳正.txt
2020-07-24 11:39:47,993 - config - access.py - INFO - http://99csw.com/book/8227/287618.htm 	 200
2020-07-24 11:39:48,009 - config - access.py - INFO - ..\book\三体\第二章 午初.txt
2020-07-24 11:39:53,664 - config - access.py - INFO - http://99csw.com/book/8227/287619.htm 	 200
2020-07-24 11:39:53,680 - config - access.py - INFO - ..\book\三体\第三章 午正.txt
2020-07-24 11:39:56,414 - config - access.py - INFO - http://99csw.com/book/8227/287620.htm 	 200
2020-07-24 11:39:56,430 - config - access.py - INFO - ..\book\三体\第四章 未初.txt
2020-07-24 11:40:02,180 - config - access.py - INFO - http://99csw.com/book/8227/287621.htm 	 200
2020-07-24 11:40:02,196 - config - access.py - INFO - ..\book\三体\第五章 未正.txt
2020-07-24 11:40:06,930 - config - access.py - INFO - http://99csw.com/book/8227/287622.htm 	 200
2020-07-24 11:40:06,945 - config - access.py - INFO - ..\book\三体\第六章 申初.txt
2020-07-24 11:40:10,789 - config - access.py - INFO - http://99csw.com/book/8227/287623.htm 	 200
2020-07-24 11:40:10,805 - config - access.py - INFO - ..\book\三体\第七章 申正.txt
2020-07-24 11:40:14,368 - config - access.py - INFO - http://99csw.com/book/8227/287624.htm 	 200
2020-07-24 11:40:14,383 - config - access.py - INFO - ..\book\三体\第八章 酉初.txt
2020-07-24 11:40:17,743 - config - access.py - INFO - http://99csw.com/book/8227/287625.htm 	 200
2020-07-24 11:40:17,758 - config - access.py - INFO - ..\book\三体\第九章 酉正.txt
2020-07-24 11:40:22,539 - config - access.py - INFO - http://99csw.com/book/8227/287626.htm 	 200
2020-07-24 11:40:22,556 - config - access.py - INFO - ..\book\三体\第十章 戌初.txt
2020-07-24 11:40:27,024 - config - access.py - INFO - http://99csw.com/book/8227/287627.htm 	 200
2020-07-24 11:40:27,039 - config - access.py - INFO - ..\book\三体\第十一章 戌正.txt
2020-07-24 11:40:30,571 - config - access.py - INFO - http://99csw.com/book/8227/287628.htm 	 200
2020-07-24 11:40:30,587 - config - access.py - INFO - ..\book\三体\第十二章 亥初.txt
2020-07-24 11:40:34,165 - config - access.py - INFO - http://99csw.com/book/8227/287629.htm 	 200
2020-07-24 11:40:34,180 - config - access.py - INFO - ..\book\三体\第十三章 亥正.txt
2020-07-24 11:40:37,790 - config - access.py - INFO - http://99csw.com/book/8227/287630.htm 	 200
2020-07-24 11:40:37,805 - config - access.py - INFO - ..\book\三体\第十四章 子初.txt
2020-07-24 11:40:41,024 - config - access.py - INFO - http://99csw.com/book/8227/287631.htm 	 200
2020-07-24 11:40:41,040 - config - access.py - INFO - ..\book\三体\第十五章 子正.txt
2020-07-24 11:40:45,836 - config - access.py - INFO - http://99csw.com/book/8227/287632.htm 	 200
2020-07-24 11:40:45,852 - config - access.py - INFO - ..\book\三体\第十六章 丑初.txt
2020-07-24 11:40:50,055 - config - access.py - INFO - http://99csw.com/book/8227/287633.htm 	 200
2020-07-24 11:40:50,071 - config - access.py - INFO - ..\book\三体\第十七章 丑正.txt
2020-07-24 11:40:52,946 - config - access.py - INFO - http://99csw.com/book/8227/287634.htm 	 200
2020-07-24 11:40:52,961 - config - access.py - INFO - ..\book\三体\第十八章 寅初.txt
2020-07-24 11:40:56,367 - config - access.py - INFO - http://99csw.com/book/8227/287635.htm 	 200
2020-07-24 11:40:56,383 - config - access.py - INFO - ..\book\三体\第十九章 寅正.txt
2020-07-24 11:40:59,320 - config - access.py - INFO - http://99csw.com/book/8227/287636.htm 	 200
2020-07-24 11:40:59,336 - config - access.py - INFO - ..\book\三体\第二十章 卯初.txt
2020-07-24 11:41:02,165 - config - access.py - INFO - http://99csw.com/book/8227/287637.htm 	 200
2020-07-24 11:41:02,180 - config - access.py - INFO - ..\book\三体\第二十一章 卯正.txt
2020-07-24 11:41:05,430 - config - access.py - INFO - http://99csw.com/book/8227/287638.htm 	 200
2020-07-24 11:41:05,446 - config - access.py - INFO - ..\book\三体\第二十二章 辰初.txt
2020-07-24 11:41:10,383 - config - access.py - INFO - http://99csw.com/book/8227/287639.htm 	 200
2020-07-24 11:41:10,399 - config - access.py - INFO - ..\book\三体\第二十三章 辰正.txt
2020-07-24 11:41:13,774 - config - access.py - INFO - http://99csw.com/book/8227/287640.htm 	 200
2020-07-24 11:41:13,790 - config - access.py - INFO - ..\book\三体\第二十四章 巳初.txt
2020-07-24 11:48:47,163 - config - access.py - INFO - http://99csw.com/book/8227/287617.htm 	 200
2020-07-24 11:48:47,163 - config - access.py - INFO - ..\book\三体\0.第一章 巳正.txt
2020-07-24 11:49:38,397 - config - access.py - INFO - http://99csw.com/book/8227/287617.htm 	 200
2020-07-24 11:49:38,397 - config - access.py - INFO - ..\book\三体\1.第一章 巳正.txt
2020-07-24 11:49:41,538 - config - access.py - INFO - http://99csw.com/book/8227/287618.htm 	 200
2020-07-24 11:49:41,538 - config - access.py - INFO - ..\book\三体\2.第二章 午初.txt
2020-07-24 11:49:44,772 - config - access.py - INFO - http://99csw.com/book/8227/287619.htm 	 200
2020-07-24 11:49:44,772 - config - access.py - INFO - ..\book\三体\3.第三章 午正.txt
2020-07-24 11:49:48,148 - config - access.py - INFO - http://99csw.com/book/8227/287620.htm 	 200
2020-07-24 11:49:48,148 - config - access.py - INFO - ..\book\三体\4.第四章 未初.txt
2020-07-24 11:49:51,366 - config - access.py - INFO - http://99csw.com/book/8227/287621.htm 	 200
2020-07-24 11:49:51,366 - config - access.py - INFO - ..\book\三体\5.第五章 未正.txt
2020-07-24 11:49:55,225 - config - access.py - INFO - http://99csw.com/book/8227/287622.htm 	 200
2020-07-24 11:49:55,225 - config - access.py - INFO - ..\book\三体\6.第六章 申初.txt
2020-07-24 11:50:00,788 - config - access.py - INFO - http://99csw.com/book/8227/287623.htm 	 200
2020-07-24 11:50:00,788 - config - access.py - INFO - ..\book\三体\7.第七章 申正.txt
2020-07-24 11:50:05,757 - config - access.py - INFO - http://99csw.com/book/8227/287624.htm 	 200
2020-07-24 11:50:05,757 - config - access.py - INFO - ..\book\三体\8.第八章 酉初.txt
2020-07-24 11:50:08,835 - config - access.py - INFO - http://99csw.com/book/8227/287625.htm 	 200
2020-07-24 11:50:08,835 - config - access.py - INFO - ..\book\三体\9.第九章 酉正.txt
2020-07-24 11:50:12,007 - config - access.py - INFO - http://99csw.com/book/8227/287626.htm 	 200
2020-07-24 11:50:12,007 - config - access.py - INFO - ..\book\三体\10.第十章 戌初.txt
2020-07-24 11:50:15,038 - config - access.py - INFO - http://99csw.com/book/8227/287627.htm 	 200
2020-07-24 11:50:15,038 - config - access.py - INFO - ..\book\三体\11.第十一章 戌正.txt
2020-07-24 11:50:18,257 - config - access.py - INFO - http://99csw.com/book/8227/287628.htm 	 200
2020-07-24 11:50:18,257 - config - access.py - INFO - ..\book\三体\12.第十二章 亥初.txt
2020-07-24 11:50:21,741 - config - access.py - INFO - http://99csw.com/book/8227/287629.htm 	 200
2020-07-24 11:50:21,741 - config - access.py - INFO - ..\book\三体\13.第十三章 亥正.txt
2020-07-24 11:50:25,241 - config - access.py - INFO - http://99csw.com/book/8227/287630.htm 	 200
2020-07-24 11:50:25,241 - config - access.py - INFO - ..\book\三体\14.第十四章 子初.txt
2020-07-24 11:50:31,475 - config - access.py - INFO - http://99csw.com/book/8227/287631.htm 	 200
2020-07-24 11:50:31,475 - config - access.py - INFO - ..\book\三体\15.第十五章 子正.txt
2020-07-24 11:50:35,350 - config - access.py - INFO - http://99csw.com/book/8227/287632.htm 	 200
2020-07-24 11:50:35,350 - config - access.py - INFO - ..\book\三体\16.第十六章 丑初.txt
2020-07-24 11:50:39,585 - config - access.py - INFO - http://99csw.com/book/8227/287633.htm 	 200
2020-07-24 11:50:39,585 - config - access.py - INFO - ..\book\三体\17.第十七章 丑正.txt
2020-07-24 11:50:44,054 - config - access.py - INFO - http://99csw.com/book/8227/287634.htm 	 200
2020-07-24 11:50:44,054 - config - access.py - INFO - ..\book\三体\18.第十八章 寅初.txt
2020-07-24 11:50:47,226 - config - access.py - INFO - http://99csw.com/book/8227/287635.htm 	 200
2020-07-24 11:50:47,226 - config - access.py - INFO - ..\book\三体\19.第十九章 寅正.txt
2020-07-24 11:50:55,522 - config - access.py - INFO - getHtml()
2020-07-24 11:50:55,522 - config - access.py - WARNING - HTTPConnectionPool(host='99csw.com', port=80): Read timed out.
2020-07-24 11:50:55,522 - config - access.py - INFO - extractContent()
2020-07-24 11:50:55,522 - config - access.py - WARNING - can only parse strings
2020-07-24 11:50:55,522 - config - access.py - INFO - save()
2020-07-24 11:50:55,522 - config - access.py - WARNING - 'NoneType' object is not iterable
2020-07-24 11:50:59,398 - config - access.py - INFO - http://99csw.com/book/8227/287637.htm 	 200
2020-07-24 11:50:59,398 - config - access.py - INFO - ..\book\三体\21.第二十一章 卯正.txt
2020-07-24 11:51:03,007 - config - access.py - INFO - http://99csw.com/book/8227/287638.htm 	 200
2020-07-24 11:51:03,007 - config - access.py - INFO - ..\book\三体\22.第二十二章 辰初.txt
2020-07-24 11:51:05,929 - config - access.py - INFO - http://99csw.com/book/8227/287639.htm 	 200
2020-07-24 11:51:05,929 - config - access.py - INFO - ..\book\三体\23.第二十三章 辰正.txt
2020-07-24 11:51:09,289 - config - access.py - INFO - http://99csw.com/book/8227/287640.htm 	 200
2020-07-24 11:51:09,289 - config - access.py - INFO - ..\book\三体\24.第二十四章 巳初.txt
2020-07-24 11:51:12,819 - config - access.py - INFO - http://99csw.com/book/8227/287641.htm 	 200
2020-07-24 11:51:12,819 - config - access.py - INFO - ..\book\三体\25.后记一.txt
2020-07-24 11:51:16,492 - config - access.py - INFO - http://99csw.com/book/8227/287642.htm 	 200
2020-07-24 11:51:16,492 - config - access.py - INFO - ..\book\三体\26.后记二.txt
2020-07-24 22:33:17,305 - config - access.py - INFO - http://99csw.com/book/8227/287617.htm 	 200
2020-07-24 22:33:17,337 - config - access.py - INFO - ..\book\三体\1.第一章 巳正.txt
2020-07-24 22:33:23,693 - config - access.py - INFO - http://99csw.com/book/8227/287618.htm 	 200
2020-07-24 22:33:23,699 - config - access.py - INFO - ..\book\三体\2.第二章 午初.txt
2020-07-24 22:33:50,211 - config - access.py - INFO - https://www.baidu.com/s?ie=utf-8&wd=三体&si=luoxia.com&ct=2097152&tn=baidu 	 200
2020-07-24 22:33:53,924 - config - access.py - INFO - http://www.baidu.com/link?url=F72jDa6SsHkYcHM3RDTBmf0TrR4dFhnSRV_4GtJwi6fHpOV_8ZsemOYZyvpp2TG4 	 200
2020-07-24 22:36:24,155 - config - access.py - INFO - https://www.baidu.com/s?ie=utf-8&wd=三体&si=luoxia.com&ct=2097152&tn=baidu 	 200
2020-07-24 22:36:27,192 - config - access.py - INFO - http://www.baidu.com/link?url=_rCVAr_wVvk5KFZPemegIHAK91p9uUKgFQRxX_f5Po7k9JiARR_fUfFnTtS6SPd1 	 200
2020-07-24 22:36:27,192 - config - access.py - INFO - extractChapters()
2020-07-24 22:36:27,192 - config - access.py - WARNING - http://www.baidu.com/link?url=_rCVAr_wVvk5KFZPemegIHAK91p9uUKgFQRxX_f5Po7k9JiARR_fUfFnTtS6SPd1 no value in e-book
2020-07-24 22:39:34,514 - config - access.py - INFO - https://www.baidu.com/s?ie=utf-8&wd=三体&si=luoxia.com&ct=2097152&tn=baidu 	 200
2020-07-24 22:39:39,727 - config - access.py - INFO - http://www.baidu.com/link?url=EAJWxerRjzkw9Pp3U1kd24Y-BGCysIV1CLIKhhlFe6wsRlmyNPR6CKEm0zwj9yjH 	 200
2020-07-24 22:39:39,727 - config - access.py - INFO - list index out of range
2020-07-24 22:39:39,727 - config - access.py - INFO - list index out of range
2020-07-24 22:39:46,888 - config - access.py - INFO - https://www.luoxia.com/santi/85918.htm 	 200
2020-07-24 22:50:31,315 - config - access.py - INFO - https://www.baidu.com/s?ie=utf-8&wd=三体&si=luoxia.com&ct=2097152&tn=baidu 	 200
2020-07-24 22:50:35,882 - config - access.py - INFO - http://www.baidu.com/link?url=0ktYwdWZNLHukEXtCAH4U3rbzPpWHbakOegR7wiu01JVUf5pv8vok8PXzAm3g572 	 200
2020-07-24 22:50:35,882 - config - access.py - INFO - list index out of range
2020-07-24 22:50:35,882 - config - access.py - INFO - list index out of range
2020-07-24 22:50:43,257 - config - access.py - INFO - https://www.luoxia.com/santi/85918.htm 	 200
2020-07-24 22:50:43,257 - config - access.py - INFO - <Element p at 0xcf33e24a48> no use <p>
2020-07-24 22:51:40,641 - config - access.py - INFO - https://www.baidu.com/s?ie=utf-8&wd=三体&si=luoxia.com&ct=2097152&tn=baidu 	 200
2020-07-24 22:51:51,407 - config - access.py - INFO - http://www.baidu.com/link?url=VYGAuou0_n9NhOaWtHenehx3QjL2WrajOh3bz2r_p9Nj3Equ59Dt9_1m-7kvrlno 	 200
2020-07-24 22:51:51,407 - config - access.py - INFO - list index out of range
2020-07-24 22:51:51,407 - config - access.py - INFO - list index out of range
2020-07-24 22:51:54,509 - config - access.py - INFO - https://www.luoxia.com/santi/85918.htm 	 200
2020-07-24 22:51:54,509 - config - access.py - INFO - 落 luo霞xia小 xiao说 shuo = w w w * l uo x i a * co m 🥗 no use content.
2020-07-24 22:54:28,131 - config - access.py - INFO - https://www.baidu.com/s?ie=utf-8&wd=三体&si=luoxia.com&ct=2097152&tn=baidu 	 200
2020-07-24 22:54:28,131 - config - access.py - INFO - bdExtractLink()
2020-07-24 22:54:28,131 - config - access.py - DEBUG - list index out of range
2020-07-24 22:54:28,131 - config - access.py - INFO - getHtml()
2020-07-24 22:54:28,131 - config - access.py - WARNING - Invalid URL 'False': No schema supplied. Perhaps you meant http://False?
2020-07-24 22:54:28,131 - config - access.py - INFO - extractChapters() url_id: 1
2020-07-24 22:54:28,131 - config - access.py - WARNING - argument of type 'bool' is not iterable
2020-07-24 22:55:12,515 - config - access.py - INFO - https://www.baidu.com/s?ie=utf-8&wd=三体&si=luoxia.com&ct=2097152&tn=baidu 	 200
2020-07-24 22:55:12,515 - config - access.py - INFO - bdExtractLink()
2020-07-24 22:55:12,515 - config - access.py - DEBUG - list index out of range
2020-07-24 22:55:12,515 - config - access.py - INFO - getHtml()
2020-07-24 22:55:12,515 - config - access.py - WARNING - Invalid URL 'False': No schema supplied. Perhaps you meant http://False?
2020-07-24 22:55:12,515 - config - access.py - INFO - extractChapters() url_id: 1
2020-07-24 22:55:12,515 - config - access.py - WARNING - argument of type 'bool' is not iterable
2020-07-25 12:33:39,060 - config - access.py - INFO - https://www.baidu.com/s?ie=utf-8&wd=三体&si=luoxia.com&ct=2097152&tn=baidu 	 200
2020-07-25 12:33:41,970 - config - access.py - INFO - http://www.baidu.com/link?url=xYw3qhNVT1o2mjQqe4CeMbGy-LeX82kxbawNoL0_Y4HEiqG8Qms4EYDf3wxMPiZJ 	 200
2020-07-25 12:33:41,970 - config - access.py - INFO - list index out of range
2020-07-25 12:33:41,970 - config - access.py - INFO - list index out of range
2020-07-25 12:33:44,919 - config - access.py - INFO - https://www.luoxia.com/santi/85918.htm 	 200
2020-07-25 12:33:44,919 - config - access.py - INFO - __luoxiaContent()
2020-07-25 12:33:44,919 - config - access.py - WARNING - 落 luo霞xia小 xiao说 shuo = w w w * l uo x i a * co m 🥗 no use content.
2020-07-25 13:19:32,146 - config - app.py - INFO - homepage can't invoke "destroy" command: application has been destroyed
2020-07-25 13:19:32,146 - config - app.py - INFO - homepage can't invoke "destroy" command: application has been destroyed
2020-07-25 13:19:32,196 - config - app.py - INFO - homepage can't invoke "destroy" command: application has been destroyed
2020-07-25 13:19:32,196 - config - app.py - INFO - homepage can't invoke "destroy" command: application has been destroyed
2020-07-25 13:25:05,796 - config - app.py - INFO - homepage can't invoke "destroy" command: application has been destroyed
2020-07-25 13:25:05,796 - config - app.py - INFO - homepage can't invoke "destroy" command: application has been destroyed
2020-07-25 13:47:41,597 - config - app.py - INFO - homepage can't invoke "destroy" command: application has been destroyed
2020-07-25 13:47:41,597 - config - app.py - INFO - homepage can't invoke "destroy" command: application has been destroyed
2020-07-25 23:12:43,411 - config - app.py - INFO - homepage can't invoke "destroy" command: application has been destroyed
2020-07-25 23:12:43,411 - config - app.py - INFO - homepage can't invoke "destroy" command: application has been destroyed
2020-07-26 11:24:35,029 - config - app.py - INFO - homepage can't invoke "destroy" command: application has been destroyed
2020-07-26 11:24:35,029 - config - app.py - INFO - homepage can't invoke "destroy" command: application has been destroyed
2020-07-26 11:54:49,540 - config - reapp.py - INFO - openBox()
2020-07-26 11:54:49,541 - config - reapp.py - DEBUG - [Errno 2] No such file or directory: ''
2020-07-26 14:35:08,001 - config - access.py - INFO - https://www.luoxia.com/santi/26652.htm 	 200
2020-07-26 14:35:08,001 - config - access.py - INFO - https://www.luoxia.com/santi/26652.htm 	 200
2020-07-26 14:35:08,001 - config - access.py - INFO - __luoxiaContent()
2020-07-26 14:35:08,001 - config - access.py - INFO - __luoxiaContent()
2020-07-26 14:35:08,001 - config - access.py - WARNING - 'NoneType' object has no attribute 'replace'
2020-07-26 14:35:08,001 - config - access.py - WARNING - 'NoneType' object has no attribute 'replace'
2020-07-26 14:35:26,017 - config - access.py - INFO - https://www.luoxia.com/santi/26652.htm 	 200
2020-07-26 14:35:26,017 - config - access.py - INFO - https://www.luoxia.com/santi/26652.htm 	 200
2020-07-26 14:35:26,017 - config - access.py - INFO - __luoxiaContent()
2020-07-26 14:35:26,017 - config - access.py - INFO - __luoxiaContent()
2020-07-26 14:35:26,017 - config - access.py - WARNING - 'NoneType' object has no attribute 'replace'
2020-07-26 14:35:26,017 - config - access.py - WARNING - 'NoneType' object has no attribute 'replace'
2020-07-26 14:36:46,233 - config - access.py - INFO - https://www.luoxia.com/santi/26653.htm 	 200
2020-07-26 14:36:46,233 - config - access.py - INFO - https://www.luoxia.com/santi/26653.htm 	 200
2020-07-26 14:37:00,060 - config - access.py - INFO - https://www.luoxia.com/santi/26653.htm 	 200
2020-07-26 14:37:00,060 - config - access.py - INFO - https://www.luoxia.com/santi/26653.htm 	 200
2020-07-26 14:37:45,108 - config - access.py - INFO - https://www.luoxia.com/santi/26652.htm 	 200
2020-07-26 14:37:45,108 - config - access.py - INFO - https://www.luoxia.com/santi/26652.htm 	 200
2020-07-26 14:37:45,108 - config - access.py - INFO - __luoxiaContent()
2020-07-26 14:37:45,108 - config - access.py - INFO - __luoxiaContent()
2020-07-26 14:37:45,108 - config - access.py - WARNING - 'NoneType' object has no attribute 'replace'
2020-07-26 14:37:45,108 - config - access.py - WARNING - 'NoneType' object has no attribute 'replace'
2020-07-26 14:40:45,936 - config - access.py - INFO - https://www.luoxia.com/santi/85919.htm 	 200
2020-07-26 14:40:45,936 - config - access.py - INFO - https://www.luoxia.com/santi/85919.htm 	 200
2020-07-26 14:41:02,452 - config - access.py - INFO - https://www.luoxia.com/santi/26655.htm 	 200
2020-07-26 14:41:02,452 - config - access.py - INFO - https://www.luoxia.com/santi/26655.htm 	 200
2020-07-26 14:49:44,261 - config - access.py - INFO - https://www.luoxia.com/santi/26651.htm 	 200
2020-07-26 14:49:44,261 - config - access.py - INFO - https://www.luoxia.com/santi/26651.htm 	 200
2020-07-26 14:49:44,261 - config - access.py - INFO - __luoxiaContent()
2020-07-26 14:49:44,261 - config - access.py - INFO - __luoxiaContent()
2020-07-26 14:49:44,261 - config - access.py - WARNING - 🍇 落`霞`小`说w w w . l uo x i a . c o m . no use content.
2020-07-26 14:49:44,261 - config - access.py - WARNING - 🍇 落`霞`小`说w w w . l uo x i a . c o m . no use content.
2020-07-26 14:50:08,027 - config - access.py - INFO - https://www.luoxia.com/santi/85918.htm 	 200
2020-07-26 14:50:08,027 - config - access.py - INFO - https://www.luoxia.com/santi/85918.htm 	 200
2020-07-26 14:50:08,027 - config - access.py - INFO - __luoxiaContent()
2020-07-26 14:50:08,027 - config - access.py - INFO - __luoxiaContent()
2020-07-26 14:50:08,027 - config - access.py - WARNING - 落 luo霞xia小 xiao说 shuo = w w w * l uo x i a * co m 🥗 no use content.
2020-07-26 14:50:08,027 - config - access.py - WARNING - 落 luo霞xia小 xiao说 shuo = w w w * l uo x i a * co m 🥗 no use content.
2020-07-26 14:50:19,809 - config - access.py - INFO - https://www.luoxia.com/santi/26657.htm 	 200
2020-07-26 14:50:19,809 - config - access.py - INFO - https://www.luoxia.com/santi/26657.htm 	 200
2020-07-26 14:50:19,809 - config - access.py - INFO - __luoxiaContent()
2020-07-26 14:50:19,809 - config - access.py - INFO - __luoxiaContent()
2020-07-26 14:50:19,809 - config - access.py - WARNING - 'NoneType' object has no attribute 'replace'
2020-07-26 14:50:19,809 - config - access.py - WARNING - 'NoneType' object has no attribute 'replace'
2020-07-26 15:00:39,911 - config - access.py - INFO - https://www.luoxia.com/santi/26657.htm 	 200
2020-07-26 15:00:39,911 - config - access.py - INFO - https://www.luoxia.com/santi/26657.htm 	 200
2020-07-26 15:00:39,911 - config - access.py - INFO - __luoxiaContent()
2020-07-26 15:00:39,911 - config - access.py - INFO - __luoxiaContent()
2020-07-26 15:00:39,911 - config - access.py - WARNING - 'NoneType' object has no attribute 'replace'
2020-07-26 15:00:39,911 - config - access.py - WARNING - 'NoneType' object has no attribute 'replace'
2020-07-26 15:05:08,029 - config - access.py - INFO - https://www.luoxia.com/santi/26652.htm 	 200
2020-07-26 15:05:08,029 - config - access.py - INFO - https://www.luoxia.com/santi/26652.htm 	 200
2020-07-26 15:05:08,030 - config - access.py - INFO - __luoxiaContent()
2020-07-26 15:05:08,030 - config - access.py - INFO - __luoxiaContent()
2020-07-26 15:05:08,030 - config - access.py - WARNING - 'NoneType' object has no attribute 'replace'
2020-07-26 15:05:08,030 - config - access.py - WARNING - 'NoneType' object has no attribute 'replace'
2020-07-26 15:05:55,135 - config - access.py - INFO - https://www.luoxia.com/santi/26655.htm 	 200
2020-07-26 15:05:55,135 - config - access.py - INFO - https://www.luoxia.com/santi/26655.htm 	 200
2020-07-26 15:11:07,786 - config - access.py - INFO - https://www.luoxia.com/santi/26654.htm 	 200
2020-07-26 15:11:07,786 - config - access.py - INFO - https://www.luoxia.com/santi/26654.htm 	 200
2020-07-26 15:11:07,786 - config - access.py - INFO - __luoxiaContent()
2020-07-26 15:11:07,786 - config - access.py - INFO - __luoxiaContent()
2020-07-26 15:11:07,786 - config - access.py - WARNING - 'NoneType' object has no attribute 'replace'
2020-07-26 15:11:07,786 - config - access.py - WARNING - 'NoneType' object has no attribute 'replace'
2020-07-26 15:11:48,348 - config - access.py - INFO - https://www.luoxia.com/santi/26651.htm 	 200
2020-07-26 15:11:48,348 - config - access.py - INFO - https://www.luoxia.com/santi/26651.htm 	 200
2020-07-26 15:11:48,348 - config - access.py - INFO - __luoxiaContent()
2020-07-26 15:11:48,348 - config - access.py - INFO - __luoxiaContent()
2020-07-26 15:11:48,348 - config - access.py - WARNING - 🍇 落`霞`小`说w w w . l uo x i a . c o m . no use content.
2020-07-26 15:11:48,348 - config - access.py - WARNING - 🍇 落`霞`小`说w w w . l uo x i a . c o m . no use content.
2020-07-26 15:12:19,104 - config - access.py - INFO - https://www.luoxia.com/santi/26655.htm 	 200
2020-07-26 15:12:19,104 - config - access.py - INFO - https://www.luoxia.com/santi/26655.htm 	 200
2020-07-26 15:12:30,730 - config - access.py - INFO - https://www.luoxia.com/santi/26651.htm 	 200
2020-07-26 15:12:30,730 - config - access.py - INFO - https://www.luoxia.com/santi/26651.htm 	 200
2020-07-26 15:12:30,730 - config - access.py - INFO - __luoxiaContent()
2020-07-26 15:12:30,730 - config - access.py - INFO - __luoxiaContent()
2020-07-26 15:12:30,730 - config - access.py - WARNING - 🍇 落`霞`小`说w w w . l uo x i a . c o m . no use content.
2020-07-26 15:12:30,730 - config - access.py - WARNING - 🍇 落`霞`小`说w w w . l uo x i a . c o m . no use content.
2020-07-26 15:13:14,293 - config - access.py - INFO - https://www.luoxia.com/santi/26655.htm 	 200
2020-07-26 15:13:14,293 - config - access.py - INFO - https://www.luoxia.com/santi/26655.htm 	 200
2020-07-26 15:15:29,262 - config - access.py - INFO - __luoxiaContent()
2020-07-26 15:15:29,262 - config - access.py - INFO - __luoxiaContent()
2020-07-26 15:15:29,262 - config - access.py - WARNING - 'NoneType' object has no attribute 'replace'
2020-07-26 15:15:29,262 - config - access.py - WARNING - 'NoneType' object has no attribute 'replace'
2020-07-26 16:29:53,347 - config - access.py - INFO - list index out of range
2020-07-26 16:29:53,347 - config - access.py - INFO - list index out of range
2020-07-26 16:29:56,030 - config - access.py - INFO - __luoxiaContent()
2020-07-26 16:29:56,030 - config - access.py - WARNING - 落 luo霞xia小 xiao说 shuo = w w w * l uo x i a * co m 🥗 no use content.
2020-07-26 16:50:26,195 - config - access.py - INFO - list index out of range
2020-07-26 16:50:26,195 - config - access.py - INFO - list index out of range
2020-07-26 16:50:26,196 - config - access.py - INFO - list index out of range
2020-07-26 16:50:26,196 - config - access.py - INFO - list index out of range
2020-07-26 16:50:32,575 - config - access.py - INFO - __luoxiaContent()
2020-07-26 16:50:32,575 - config - access.py - INFO - __luoxiaContent()
2020-07-26 16:50:32,575 - config - access.py - WARNING - 落 luo霞xia小 xiao说 shuo = w w w * l uo x i a * co m 🥗 no use content.
2020-07-26 16:50:32,575 - config - access.py - WARNING - 落 luo霞xia小 xiao说 shuo = w w w * l uo x i a * co m 🥗 no use content.
2020-07-26 16:50:47,643 - config - access.py - INFO - __luoxiaContent()
2020-07-26 16:50:47,643 - config - access.py - INFO - __luoxiaContent()
2020-07-26 16:50:47,644 - config - access.py - WARNING - 落 luo霞xia小 xiao说 shuo = w w w * l uo x i a * co m 🥗 no use content.
2020-07-26 16:50:47,644 - config - access.py - WARNING - 落 luo霞xia小 xiao说 shuo = w w w * l uo x i a * co m 🥗 no use content.
2020-07-26 16:50:54,695 - config - access.py - INFO - __luoxiaContent()
2020-07-26 16:50:54,695 - config - access.py - INFO - __luoxiaContent()
2020-07-26 16:50:54,695 - config - access.py - WARNING - 🍇 落`霞`小`说w w w . l uo x i a . c o m . no use content.
2020-07-26 16:50:54,695 - config - access.py - WARNING - 🍇 落`霞`小`说w w w . l uo x i a . c o m . no use content.
2020-07-26 16:51:51,605 - config - access.py - INFO - __luoxiaContent()
2020-07-26 16:51:51,605 - config - access.py - INFO - __luoxiaContent()
2020-07-26 16:51:51,605 - config - access.py - WARNING - 🍇 落`霞`小`说w w w . l uo x i a . c o m . no use content.
2020-07-26 16:51:51,605 - config - access.py - WARNING - 🍇 落`霞`小`说w w w . l uo x i a . c o m . no use content.
2020-07-26 16:52:17,644 - config - access.py - INFO - __luoxiaContent()
2020-07-26 16:52:17,644 - config - access.py - INFO - __luoxiaContent()
2020-07-26 16:52:17,644 - config - access.py - WARNING - 落^霞^小^说 🐪 w w w*l u o xi a*c o m * no use content.
2020-07-26 16:52:17,644 - config - access.py - WARNING - 落^霞^小^说 🐪 w w w*l u o xi a*c o m * no use content.
2020-07-26 16:52:32,764 - config - access.py - INFO - __luoxiaContent()
2020-07-26 16:52:32,764 - config - access.py - INFO - __luoxiaContent()
2020-07-26 16:52:32,764 - config - access.py - WARNING - 落 luo霞xia小 xiao说 shuo = w w w * l uo x i a * co m 🥗 no use content.
2020-07-26 16:52:32,764 - config - access.py - WARNING - 落 luo霞xia小 xiao说 shuo = w w w * l uo x i a * co m 🥗 no use content.
2020-07-26 16:52:48,491 - config - access.py - INFO - __luoxiaContent()
2020-07-26 16:52:48,491 - config - access.py - INFO - __luoxiaContent()
2020-07-26 16:52:48,491 - config - access.py - WARNING - 🍇 落`霞`小`说w w w . l uo x i a . c o m . no use content.
2020-07-26 16:52:48,491 - config - access.py - WARNING - 🍇 落`霞`小`说w w w . l uo x i a . c o m . no use content.
2020-07-26 16:53:12,508 - config - access.py - INFO - __luoxiaContent()
2020-07-26 16:53:12,508 - config - access.py - INFO - __luoxiaContent()
2020-07-26 16:53:12,508 - config - access.py - WARNING - 🍇 落`霞`小`说w w w . l uo x i a . c o m . no use content.
2020-07-26 16:53:12,508 - config - access.py - WARNING - 🍇 落`霞`小`说w w w . l uo x i a . c o m . no use content.
2020-07-26 16:53:30,654 - config - access.py - INFO - __luoxiaContent()
2020-07-26 16:53:30,654 - config - access.py - INFO - __luoxiaContent()
2020-07-26 16:53:30,654 - config - access.py - WARNING - 🍇 落`霞`小`说w w w . l uo x i a . c o m . no use content.
2020-07-26 16:53:30,654 - config - access.py - WARNING - 🍇 落`霞`小`说w w w . l uo x i a . c o m . no use content.
2020-07-26 16:54:05,340 - config - reapp.py - INFO - changeContent()
2020-07-26 16:54:05,340 - config - reapp.py - INFO - changeContent()
2020-07-26 16:54:05,340 - config - reapp.py - WARNING - invalid literal for int() with base 10: '吹'
2020-07-26 16:54:05,340 - config - reapp.py - WARNING - invalid literal for int() with base 10: '吹'
2020-07-26 16:54:16,231 - config - reapp.py - INFO - changeContent()
2020-07-26 16:54:16,231 - config - reapp.py - INFO - changeContent()
2020-07-26 16:54:16,232 - config - reapp.py - WARNING - invalid literal for int() with base 10: '吹'
2020-07-26 16:54:16,232 - config - reapp.py - WARNING - invalid literal for int() with base 10: '吹'
2020-07-26 16:54:42,466 - config - access.py - INFO - list index out of range
2020-07-26 16:54:42,466 - config - access.py - INFO - list index out of range
2020-07-26 16:54:42,467 - config - access.py - INFO - list index out of range
2020-07-26 16:54:42,467 - config - access.py - INFO - list index out of range
2020-07-26 16:55:03,663 - config - access.py - INFO - list index out of range
2020-07-26 16:55:03,663 - config - access.py - INFO - list index out of range
2020-07-26 16:55:03,663 - config - access.py - INFO - list index out of range
2020-07-26 16:55:03,663 - config - access.py - INFO - list index out of range
2020-07-26 17:07:33,150 - config - access.py - INFO - https://www.baidu.com/s?ie=utf-8&wd=三体&si=luoxia.com&ct=2097152&tn=baidu 	 200
2020-07-26 17:07:33,150 - config - access.py - INFO - https://www.baidu.com/s?ie=utf-8&wd=三体&si=luoxia.com&ct=2097152&tn=baidu 	 200
2020-07-26 17:07:33,150 - config - access.py - INFO - bdExtractLink()
2020-07-26 17:07:33,150 - config - access.py - INFO - bdExtractLink()
2020-07-26 17:07:33,150 - config - access.py - WARNING - list index out of range
2020-07-26 17:07:33,150 - config - access.py - WARNING - list index out of range
2020-07-26 17:07:33,150 - config - access.py - INFO - getHtml()
2020-07-26 17:07:33,150 - config - access.py - INFO - getHtml()
2020-07-26 17:07:33,150 - config - access.py - WARNING - Invalid URL 'False': No schema supplied. Perhaps you meant http://False?
2020-07-26 17:07:33,150 - config - access.py - WARNING - Invalid URL 'False': No schema supplied. Perhaps you meant http://False?
2020-07-26 17:07:33,150 - config - access.py - INFO - extractChapters() url_id: 1
2020-07-26 17:07:33,150 - config - access.py - INFO - extractChapters() url_id: 1
2020-07-26 17:07:33,150 - config - access.py - WARNING - argument of type 'bool' is not iterable
2020-07-26 17:07:33,150 - config - access.py - WARNING - argument of type 'bool' is not iterable
2020-07-26 17:08:31,981 - config - access.py - INFO - https://www.baidu.com/s?ie=utf-8&wd=三体&si=luoxia.com&ct=2097152&tn=baidu 	 200
2020-07-26 17:08:31,981 - config - access.py - INFO - https://www.baidu.com/s?ie=utf-8&wd=三体&si=luoxia.com&ct=2097152&tn=baidu 	 200
2020-07-26 17:08:31,981 - config - access.py - INFO - bdExtractLink()
2020-07-26 17:08:31,981 - config - access.py - INFO - bdExtractLink()
2020-07-26 17:08:31,981 - config - access.py - WARNING - list index out of range
2020-07-26 17:08:31,981 - config - access.py - WARNING - list index out of range
2020-07-26 17:08:31,981 - config - access.py - INFO - getHtml()
2020-07-26 17:08:31,981 - config - access.py - INFO - getHtml()
2020-07-26 17:08:31,981 - config - access.py - WARNING - Invalid URL 'False': No schema supplied. Perhaps you meant http://False?
2020-07-26 17:08:31,981 - config - access.py - WARNING - Invalid URL 'False': No schema supplied. Perhaps you meant http://False?
2020-07-26 17:08:31,981 - config - access.py - INFO - extractChapters() url_id: 1
2020-07-26 17:08:31,981 - config - access.py - INFO - extractChapters() url_id: 1
2020-07-26 17:08:31,981 - config - access.py - WARNING - argument of type 'bool' is not iterable
2020-07-26 17:08:31,981 - config - access.py - WARNING - argument of type 'bool' is not iterable
2020-07-26 17:08:42,696 - config - access.py - INFO - https://www.baidu.com/s?ie=utf-8&wd=三体&si=luoxia.com&ct=2097152&tn=baidu 	 200
2020-07-26 17:08:42,696 - config - access.py - INFO - https://www.baidu.com/s?ie=utf-8&wd=三体&si=luoxia.com&ct=2097152&tn=baidu 	 200
2020-07-26 17:08:42,696 - config - access.py - INFO - bdExtractLink()
2020-07-26 17:08:42,696 - config - access.py - INFO - bdExtractLink()
2020-07-26 17:08:42,696 - config - access.py - WARNING - list index out of range
2020-07-26 17:08:42,696 - config - access.py - WARNING - list index out of range
2020-07-26 17:08:42,697 - config - access.py - INFO - getHtml()
2020-07-26 17:08:42,697 - config - access.py - INFO - getHtml()
2020-07-26 17:08:42,697 - config - access.py - WARNING - Invalid URL 'False': No schema supplied. Perhaps you meant http://False?
2020-07-26 17:08:42,697 - config - access.py - WARNING - Invalid URL 'False': No schema supplied. Perhaps you meant http://False?
2020-07-26 17:08:42,697 - config - access.py - INFO - extractChapters() url_id: 1
2020-07-26 17:08:42,697 - config - access.py - INFO - extractChapters() url_id: 1
2020-07-26 17:08:42,697 - config - access.py - WARNING - argument of type 'bool' is not iterable
2020-07-26 17:08:42,697 - config - access.py - WARNING - argument of type 'bool' is not iterable
2020-07-26 17:09:10,898 - config - access.py - INFO - https://www.baidu.com/s?ie=utf-8&wd=santi&si=luoxia.com&ct=2097152&tn=baidu 	 200
2020-07-26 17:09:10,898 - config - access.py - INFO - https://www.baidu.com/s?ie=utf-8&wd=santi&si=luoxia.com&ct=2097152&tn=baidu 	 200
2020-07-26 17:09:10,898 - config - access.py - INFO - bdExtractLink()
2020-07-26 17:09:10,898 - config - access.py - INFO - bdExtractLink()
2020-07-26 17:09:10,898 - config - access.py - WARNING - list index out of range
2020-07-26 17:09:10,898 - config - access.py - WARNING - list index out of range
2020-07-26 17:09:10,898 - config - access.py - INFO - getHtml()
2020-07-26 17:09:10,898 - config - access.py - INFO - getHtml()
2020-07-26 17:09:10,898 - config - access.py - WARNING - Invalid URL 'False': No schema supplied. Perhaps you meant http://False?
2020-07-26 17:09:10,898 - config - access.py - WARNING - Invalid URL 'False': No schema supplied. Perhaps you meant http://False?
2020-07-26 17:09:10,898 - config - access.py - INFO - extractChapters() url_id: 1
2020-07-26 17:09:10,898 - config - access.py - INFO - extractChapters() url_id: 1
2020-07-26 17:09:10,898 - config - access.py - WARNING - argument of type 'bool' is not iterable
2020-07-26 17:09:10,898 - config - access.py - WARNING - argument of type 'bool' is not iterable
2020-07-26 17:09:17,319 - config - access.py - INFO - https://www.baidu.com/s?ie=utf-8&wd=santi&si=luoxia.com&ct=2097152&tn=baidu 	 200
2020-07-26 17:09:17,319 - config - access.py - INFO - https://www.baidu.com/s?ie=utf-8&wd=santi&si=luoxia.com&ct=2097152&tn=baidu 	 200
2020-07-26 17:09:17,319 - config - access.py - INFO - bdExtractLink()
2020-07-26 17:09:17,319 - config - access.py - INFO - bdExtractLink()
2020-07-26 17:09:17,319 - config - access.py - WARNING - list index out of range
2020-07-26 17:09:17,319 - config - access.py - WARNING - list index out of range
2020-07-26 17:09:17,319 - config - access.py - INFO - getHtml()
2020-07-26 17:09:17,319 - config - access.py - INFO - getHtml()
2020-07-26 17:09:17,319 - config - access.py - WARNING - Invalid URL 'False': No schema supplied. Perhaps you meant http://False?
2020-07-26 17:09:17,319 - config - access.py - WARNING - Invalid URL 'False': No schema supplied. Perhaps you meant http://False?
2020-07-26 17:09:17,319 - config - access.py - INFO - extractChapters() url_id: 1
2020-07-26 17:09:17,319 - config - access.py - INFO - extractChapters() url_id: 1
2020-07-26 17:09:17,319 - config - access.py - WARNING - argument of type 'bool' is not iterable
2020-07-26 17:09:17,319 - config - access.py - WARNING - argument of type 'bool' is not iterable
2020-07-26 17:10:04,757 - config - access.py - INFO - https://www.baidu.com/s?ie=utf-8&wd=santi&si=luoxia.com&ct=2097152&tn=baidu 	 200
2020-07-26 17:10:04,757 - config - access.py - INFO - https://www.baidu.com/s?ie=utf-8&wd=santi&si=luoxia.com&ct=2097152&tn=baidu 	 200
2020-07-26 17:10:04,757 - config - access.py - INFO - bdExtractLink()
2020-07-26 17:10:04,757 - config - access.py - INFO - bdExtractLink()
2020-07-26 17:10:04,757 - config - access.py - WARNING - list index out of range
2020-07-26 17:10:04,757 - config - access.py - WARNING - list index out of range
2020-07-26 17:10:04,757 - config - access.py - INFO - getHtml()
2020-07-26 17:10:04,757 - config - access.py - INFO - getHtml()
2020-07-26 17:10:04,757 - config - access.py - WARNING - Invalid URL 'False': No schema supplied. Perhaps you meant http://False?
2020-07-26 17:10:04,757 - config - access.py - WARNING - Invalid URL 'False': No schema supplied. Perhaps you meant http://False?
2020-07-26 17:10:04,757 - config - access.py - INFO - extractChapters() url_id: 1
2020-07-26 17:10:04,757 - config - access.py - INFO - extractChapters() url_id: 1
2020-07-26 17:10:04,757 - config - access.py - WARNING - argument of type 'bool' is not iterable
2020-07-26 17:10:04,757 - config - access.py - WARNING - argument of type 'bool' is not iterable
2020-07-26 17:12:05,612 - config - access.py - INFO - https://www.luoxia.com/guichui/27426.htm 	 200
2020-07-26 17:12:05,612 - config - access.py - INFO - https://www.luoxia.com/guichui/27426.htm 	 200
2020-07-26 17:12:17,274 - config - access.py - INFO - https://www.luoxia.com/guichui/27427.htm 	 200
2020-07-26 17:12:17,274 - config - access.py - INFO - https://www.luoxia.com/guichui/27427.htm 	 200
2020-07-26 17:12:17,274 - config - access.py - INFO - __luoxiaContent()
2020-07-26 17:12:17,274 - config - access.py - INFO - __luoxiaContent()
2020-07-26 17:12:17,274 - config - access.py - WARNING - 'NoneType' object has no attribute 'replace'
2020-07-26 17:12:17,274 - config - access.py - WARNING - 'NoneType' object has no attribute 'replace'
2020-07-26 17:14:16,231 - config - access.py - INFO - https://www.luoxia.com/guichui/27428.htm 	 200
2020-07-26 17:14:16,231 - config - access.py - INFO - https://www.luoxia.com/guichui/27428.htm 	 200
2020-07-26 17:16:18,076 - config - access.py - INFO - https://www.luoxia.com/guichui/27432.htm 	 200
2020-07-26 17:16:18,076 - config - access.py - INFO - https://www.luoxia.com/guichui/27432.htm 	 200
2020-07-26 17:16:18,076 - config - access.py - INFO - __luoxiaContent()
2020-07-26 17:16:18,076 - config - access.py - INFO - __luoxiaContent()
2020-07-26 17:16:18,076 - config - access.py - WARNING - 🥑 落=霞=小=说~w w w = l u ox i a = c om no use content.
2020-07-26 17:16:18,076 - config - access.py - WARNING - 🥑 落=霞=小=说~w w w = l u ox i a = c om no use content.
2020-07-26 17:17:31,568 - config - access.py - INFO - https://www.baidu.com/s?ie=utf-8&wd=三体&si=luoxia.com&ct=2097152&tn=baidu 	 200
2020-07-26 17:17:34,568 - config - access.py - INFO - http://www.baidu.com/link?url=TwV4b3ta7YjQsjlJHwm2fPmJr_a3PZBU5TBoCZXLkPfJ-z3StA0PfBs5t_sTv0IC 	 200
2020-07-26 17:17:34,568 - config - access.py - INFO - list index out of range
2020-07-26 17:17:34,568 - config - access.py - INFO - list index out of range
2020-07-26 17:17:37,850 - config - access.py - INFO - https://www.luoxia.com/santi/85918.htm 	 200
2020-07-26 17:17:37,850 - config - access.py - INFO - 落 luo霞xia小 xiao说 shuo = w w w * l uo x i a * co m 🥗 no use content.
2020-07-26 17:18:43,440 - config - access.py - INFO - https://www.luoxia.com/santi/85919.htm 	 200
2020-07-26 17:18:43,440 - config - access.py - INFO - https://www.luoxia.com/santi/85919.htm 	 200
2020-07-26 17:19:05,413 - config - access.py - INFO - https://www.luoxia.com/santi/26652.htm 	 200
2020-07-26 17:19:05,413 - config - access.py - INFO - https://www.luoxia.com/santi/26652.htm 	 200
2020-07-26 17:19:05,413 - config - access.py - INFO - __luoxiaContent()
2020-07-26 17:19:05,413 - config - access.py - INFO - __luoxiaContent()
2020-07-26 17:19:05,413 - config - access.py - WARNING - 'NoneType' object has no attribute 'replace'
2020-07-26 17:19:05,413 - config - access.py - WARNING - 'NoneType' object has no attribute 'replace'
2020-07-26 17:20:43,131 - config - reapp.py - INFO - openBox()
2020-07-26 17:20:43,131 - config - reapp.py - INFO - openBox()
2020-07-26 17:20:43,131 - config - reapp.py - WARNING - [Errno 2] No such file or directory: ''
2020-07-26 17:20:43,131 - config - reapp.py - WARNING - [Errno 2] No such file or directory: ''
2020-07-26 17:21:36,788 - config - access.py - INFO - https://www.luoxia.com/santi/85919.htm 	 200
2020-07-26 17:21:36,788 - config - access.py - INFO - https://www.luoxia.com/santi/85919.htm 	 200
2020-07-26 17:22:00,057 - config - access.py - INFO - https://www.luoxia.com/santi/26654.htm 	 200
2020-07-26 17:22:00,057 - config - access.py - INFO - https://www.luoxia.com/santi/26654.htm 	 200
2020-07-26 17:22:00,057 - config - access.py - INFO - __luoxiaContent()
2020-07-26 17:22:00,057 - config - access.py - INFO - __luoxiaContent()
2020-07-26 17:22:00,057 - config - access.py - WARNING - 'NoneType' object has no attribute 'replace'
2020-07-26 17:22:00,057 - config - access.py - WARNING - 'NoneType' object has no attribute 'replace'
2020-07-26 17:23:08,567 - config - access.py - INFO - https://www.baidu.com/s?ie=utf-8&wd=santi&si=luoxia.com&ct=2097152&tn=baidu 	 200
2020-07-26 17:23:08,567 - config - access.py - INFO - https://www.baidu.com/s?ie=utf-8&wd=santi&si=luoxia.com&ct=2097152&tn=baidu 	 200
2020-07-26 17:23:08,567 - config - access.py - INFO - bdExtractLink()
2020-07-26 17:23:08,567 - config - access.py - INFO - bdExtractLink()
2020-07-26 17:23:08,567 - config - access.py - WARNING - list index out of range
2020-07-26 17:23:08,567 - config - access.py - WARNING - list index out of range
2020-07-26 17:23:08,567 - config - access.py - INFO - getHtml()
2020-07-26 17:23:08,567 - config - access.py - INFO - getHtml()
2020-07-26 17:23:08,567 - config - access.py - WARNING - Invalid URL 'False': No schema supplied. Perhaps you meant http://False?
2020-07-26 17:23:08,567 - config - access.py - WARNING - Invalid URL 'False': No schema supplied. Perhaps you meant http://False?
2020-07-26 17:23:08,567 - config - access.py - INFO - extractChapters() url_id: 1
2020-07-26 17:23:08,567 - config - access.py - INFO - extractChapters() url_id: 1
2020-07-26 17:23:08,567 - config - access.py - WARNING - argument of type 'bool' is not iterable
2020-07-26 17:23:08,567 - config - access.py - WARNING - argument of type 'bool' is not iterable
2020-07-26 17:27:51,928 - config - access.py - INFO - https://www.baidu.com/s?ie=utf-8&wd=三体&si=luoxia.com&ct=2097152&tn=baidu 	 200
2020-07-26 17:27:51,928 - config - access.py - INFO - https://www.baidu.com/s?ie=utf-8&wd=三体&si=luoxia.com&ct=2097152&tn=baidu 	 200
2020-07-26 17:27:51,928 - config - access.py - INFO - bdExtractLink()
2020-07-26 17:27:51,928 - config - access.py - INFO - bdExtractLink()
2020-07-26 17:27:51,928 - config - access.py - WARNING - list index out of range
2020-07-26 17:27:51,928 - config - access.py - WARNING - list index out of range
2020-07-26 17:27:51,928 - config - access.py - INFO - getHtml()
2020-07-26 17:27:51,928 - config - access.py - INFO - getHtml()
2020-07-26 17:27:51,928 - config - access.py - WARNING - Invalid URL 'False': No schema supplied. Perhaps you meant http://False?
2020-07-26 17:27:51,928 - config - access.py - WARNING - Invalid URL 'False': No schema supplied. Perhaps you meant http://False?
2020-07-26 17:27:51,928 - config - access.py - INFO - extractChapters() url_id: 1
2020-07-26 17:27:51,928 - config - access.py - INFO - extractChapters() url_id: 1
2020-07-26 17:27:51,928 - config - access.py - WARNING - argument of type 'bool' is not iterable
2020-07-26 17:27:51,928 - config - access.py - WARNING - argument of type 'bool' is not iterable
2020-07-26 17:55:11,510 - config - access.py - INFO - https://www.baidu.com/s?ie=utf-8&wd=三体&si=luoxia.com&ct=2097152&tn=baidu 	 200
2020-07-26 17:55:11,510 - config - access.py - INFO - https://www.baidu.com/s?ie=utf-8&wd=三体&si=luoxia.com&ct=2097152&tn=baidu 	 200
2020-07-26 17:55:14,589 - config - access.py - INFO - http://www.baidu.com/link?url=ntXEbfUqlP9jpCwuq0xBVVaIpAy5susc2eacVjI_J4IuWW3K4maQK8DweMPo5yVg 	 200
2020-07-26 17:55:14,589 - config - access.py - INFO - http://www.baidu.com/link?url=ntXEbfUqlP9jpCwuq0xBVVaIpAy5susc2eacVjI_J4IuWW3K4maQK8DweMPo5yVg 	 200
2020-07-26 17:55:14,589 - config - access.py - INFO - list index out of range
2020-07-26 17:55:14,589 - config - access.py - INFO - list index out of range
2020-07-26 17:55:14,589 - config - access.py - INFO - list index out of range
2020-07-26 17:55:14,589 - config - access.py - INFO - list index out of range
2020-07-26 17:55:17,463 - config - access.py - INFO - https://www.luoxia.com/santi/85918.htm 	 200
2020-07-26 17:55:17,463 - config - access.py - INFO - https://www.luoxia.com/santi/85918.htm 	 200
2020-07-26 17:55:17,463 - config - access.py - INFO - 落 luo霞xia小 xiao说 shuo = w w w * l uo x i a * co m 🥗 no use content.
2020-07-26 17:55:17,463 - config - access.py - INFO - 落 luo霞xia小 xiao说 shuo = w w w * l uo x i a * co m 🥗 no use content.
2020-07-26 17:55:58,323 - config - access.py - INFO - https://www.luoxia.com/santi/85919.htm 	 200
2020-07-26 17:55:58,323 - config - access.py - INFO - https://www.luoxia.com/santi/85919.htm 	 200
2020-07-26 17:56:04,839 - config - access.py - INFO - https://www.luoxia.com/santi/26656.htm 	 200
2020-07-26 17:56:04,839 - config - access.py - INFO - https://www.luoxia.com/santi/26656.htm 	 200
2020-07-26 17:56:04,839 - config - access.py - INFO -  落。霞。小。说。w ww…l u ox i a…co m no use content.
2020-07-26 17:56:04,839 - config - access.py - INFO -  落。霞。小。说。w ww…l u ox i a…co m no use content.
2020-07-26 17:56:23,323 - config - access.py - INFO - https://www.luoxia.com/santi/26651.htm 	 200
2020-07-26 17:56:23,323 - config - access.py - INFO - https://www.luoxia.com/santi/26651.htm 	 200
2020-07-26 17:56:23,323 - config - access.py - INFO - 🍇 落`霞`小`说w w w . l uo x i a . c o m . no use content.
2020-07-26 17:56:23,323 - config - access.py - INFO - 🍇 落`霞`小`说w w w . l uo x i a . c o m . no use content.
2020-07-26 17:56:45,902 - config - access.py - INFO - https://www.luoxia.com/santi/26657.htm 	 200
2020-07-26 17:56:45,902 - config - access.py - INFO - https://www.luoxia.com/santi/26657.htm 	 200
2020-07-26 17:56:57,807 - config - access.py - INFO - https://www.luoxia.com/santi/26658.htm 	 200
2020-07-26 17:56:57,807 - config - access.py - INFO - https://www.luoxia.com/santi/26658.htm 	 200
2020-07-26 17:56:57,807 - config - access.py - INFO - 落^霞^小^说 🐪 w w w*l u o xi a*c o m * no use content.
2020-07-26 17:56:57,807 - config - access.py - INFO - 落^霞^小^说 🐪 w w w*l u o xi a*c o m * no use content.
2020-07-26 17:57:12,995 - config - access.py - INFO - https://www.luoxia.com/santi/85919.htm 	 200
2020-07-26 17:57:12,995 - config - access.py - INFO - https://www.luoxia.com/santi/85919.htm 	 200
2020-07-26 17:59:25,151 - config - access.py - INFO - https://www.luoxia.com/santi/26659.htm 	 200
2020-07-26 17:59:25,151 - config - access.py - INFO - https://www.luoxia.com/santi/26659.htm 	 200
2020-07-26 18:23:13,541 - config - access.py - INFO - bdExtractLink()
2020-07-26 18:23:13,541 - config - access.py - INFO - bdExtractLink()
2020-07-26 18:23:13,541 - config - access.py - WARNING - 'NoneType' object is not iterable
2020-07-26 18:23:13,541 - config - access.py - WARNING - 'NoneType' object is not iterable
2020-07-26 18:23:13,543 - config - access.py - INFO - getHtml()
2020-07-26 18:23:13,543 - config - access.py - INFO - getHtml()
2020-07-26 18:23:13,543 - config - access.py - WARNING - Invalid URL 'False': No schema supplied. Perhaps you meant http://False?
2020-07-26 18:23:13,543 - config - access.py - WARNING - Invalid URL 'False': No schema supplied. Perhaps you meant http://False?
2020-07-26 18:23:13,543 - config - access.py - INFO - extractChapters() url_id: 1
2020-07-26 18:23:13,543 - config - access.py - INFO - extractChapters() url_id: 1
2020-07-26 18:23:13,544 - config - access.py - WARNING - argument of type 'bool' is not iterable
2020-07-26 18:23:13,544 - config - access.py - WARNING - argument of type 'bool' is not iterable
2020-07-26 18:23:33,649 - config - access.py - INFO - bdExtractLink()
2020-07-26 18:23:33,649 - config - access.py - INFO - bdExtractLink()
2020-07-26 18:23:33,649 - config - access.py - WARNING - 'NoneType' object is not iterable
2020-07-26 18:23:33,649 - config - access.py - WARNING - 'NoneType' object is not iterable
2020-07-26 18:23:33,650 - config - access.py - INFO - getHtml()
2020-07-26 18:23:33,650 - config - access.py - INFO - getHtml()
2020-07-26 18:23:33,650 - config - access.py - WARNING - Invalid URL 'False': No schema supplied. Perhaps you meant http://False?
2020-07-26 18:23:33,650 - config - access.py - WARNING - Invalid URL 'False': No schema supplied. Perhaps you meant http://False?
2020-07-26 18:23:33,650 - config - access.py - INFO - extractChapters() url_id: 1
2020-07-26 18:23:33,650 - config - access.py - INFO - extractChapters() url_id: 1
2020-07-26 18:23:33,650 - config - access.py - WARNING - argument of type 'bool' is not iterable
2020-07-26 18:23:33,650 - config - access.py - WARNING - argument of type 'bool' is not iterable
2020-07-26 18:25:03,447 - config - access.py - INFO - bdExtractLink()
2020-07-26 18:25:03,447 - config - access.py - WARNING - 'NoneType' object is not iterable
2020-07-26 18:25:42,056 - config - access.py - INFO - bdExtractLink()
2020-07-26 18:25:42,056 - config - access.py - WARNING - 'NoneType' object is not iterable
2020-07-26 18:26:24,505 - config - access.py - INFO - https://www.baidu.com/s?ie=utf-8&wd=三体&si=luoxia.com&ct=2097152&tn=baidu 	 200
2020-07-26 18:32:30,113 - config - access.py - INFO - bdExtractLink()
2020-07-26 18:32:30,113 - config - access.py - WARNING - 'NoneType' object is not iterable
2020-07-26 18:45:15,559 - config - access.py - INFO - https://www.baidu.com/s?ie=utf-8&wd=三体&si=luoxia.com&ct=2097152&tn=baidu 	 200
2020-07-26 19:38:21,450 - config - access.py - INFO - bdExtractLink()
2020-07-26 19:38:21,450 - config - access.py - WARNING - shuffle() missing 1 required positional argument: 'seed'
2020-07-26 19:38:50,491 - config - access.py - INFO - https://www.baidu.com/s?ie=utf-8&wd=三体&si=luoxia.com&ct=2097152&tn=baidu 	 200
2020-07-26 19:39:17,484 - config - access.py - INFO - https://www.baidu.com/s?ie=utf-8&wd=三体&si=luoxia.com&ct=2097152&tn=baidu 	 200
2020-07-26 19:42:56,463 - config - access.py - INFO - bdExtractLink()
2020-07-26 19:42:56,463 - config - access.py - WARNING - local variable 'j' referenced before assignment
2020-07-26 19:53:08,628 - config - access.py - INFO - https://www.baidu.com/s?ie=utf-8&wd=santi&si=luoxia.com&ct=2097152&tn=baidu 	 200
2020-07-26 19:53:08,628 - config - access.py - INFO - https://www.baidu.com/s?ie=utf-8&wd=santi&si=luoxia.com&ct=2097152&tn=baidu 	 200
2020-07-26 19:53:08,670 - config - access.py - INFO - bdExtractLink()
2020-07-26 19:53:08,670 - config - access.py - INFO - bdExtractLink()
2020-07-26 19:53:08,670 - config - access.py - WARNING - list index out of range
2020-07-26 19:53:08,670 - config - access.py - WARNING - list index out of range
2020-07-26 19:53:08,674 - config - access.py - INFO - getHtml()
2020-07-26 19:53:08,674 - config - access.py - INFO - getHtml()
2020-07-26 19:53:08,675 - config - access.py - WARNING - Invalid URL 'False': No schema supplied. Perhaps you meant http://False?
2020-07-26 19:53:08,675 - config - access.py - WARNING - Invalid URL 'False': No schema supplied. Perhaps you meant http://False?
2020-07-26 19:53:08,676 - config - access.py - INFO - extractChapters() url_id: 1
2020-07-26 19:53:08,676 - config - access.py - INFO - extractChapters() url_id: 1
2020-07-26 19:53:08,676 - config - access.py - WARNING - argument of type 'bool' is not iterable
2020-07-26 19:53:08,676 - config - access.py - WARNING - argument of type 'bool' is not iterable
2020-07-26 19:53:45,687 - config - access.py - INFO - https://www.baidu.com/s?ie=utf-8&wd=三体&si=luoxia.com&ct=2097152&tn=baidu 	 200
2020-07-26 19:57:37,714 - config - access.py - INFO - https://www.baidu.com/s?ie=utf-8&wd=三体&si=luoxia.com&ct=2097152&tn=baidu 	 200
2020-07-26 19:58:30,665 - config - access.py - INFO - https://www.baidu.com/s?ie=utf-8&wd=santi&si=luoxia.com&ct=2097152&tn=baidu 	 200
2020-07-26 19:58:30,665 - config - access.py - INFO - https://www.baidu.com/s?ie=utf-8&wd=santi&si=luoxia.com&ct=2097152&tn=baidu 	 200
2020-07-26 19:58:30,667 - config - access.py - INFO - bdExtractLink()
2020-07-26 19:58:30,667 - config - access.py - INFO - bdExtractLink()
2020-07-26 19:58:30,668 - config - access.py - WARNING - list index out of range
2020-07-26 19:58:30,668 - config - access.py - WARNING - list index out of range
2020-07-26 19:58:30,671 - config - access.py - INFO - getHtml()
2020-07-26 19:58:30,671 - config - access.py - INFO - getHtml()
2020-07-26 19:58:30,672 - config - access.py - WARNING - Invalid URL 'False': No schema supplied. Perhaps you meant http://False?
2020-07-26 19:58:30,672 - config - access.py - WARNING - Invalid URL 'False': No schema supplied. Perhaps you meant http://False?
2020-07-26 19:58:30,672 - config - access.py - INFO - extractChapters() url_id: 1
2020-07-26 19:58:30,672 - config - access.py - INFO - extractChapters() url_id: 1
2020-07-26 19:58:30,673 - config - access.py - WARNING - argument of type 'bool' is not iterable
2020-07-26 19:58:30,673 - config - access.py - WARNING - argument of type 'bool' is not iterable
2020-07-26 20:00:48,639 - config - access.py - INFO - https://www.baidu.com/s?ie=utf-8&wd=三体&si=luoxia.com&ct=2097152&tn=baidu 	 200
2020-07-26 20:00:48,640 - config - access.py - INFO - bdExtractLink()
2020-07-26 20:00:48,641 - config - access.py - WARNING - list index out of range
2020-07-26 20:01:36,835 - config - access.py - INFO - https://www.baidu.com/s?ie=utf-8&wd=三体&si=luoxia.com&ct=2097152&tn=baidu 	 200
2020-07-26 20:01:36,837 - config - access.py - INFO - bdExtractLink()
2020-07-26 20:01:36,838 - config - access.py - WARNING - list index out of range
2020-07-26 20:01:50,551 - config - access.py - INFO - https://www.baidu.com/s?ie=utf-8&wd=三体&si=luoxia.com&ct=2097152&tn=baidu 	 200
2020-07-26 20:01:50,551 - config - access.py - INFO - bdExtractLink()
2020-07-26 20:01:50,551 - config - access.py - WARNING - list index out of range
2020-07-26 20:02:47,612 - config - access.py - INFO - https://www.baidu.com/s?ie=utf-8&wd=三体&si=luoxia.com&ct=2097152&tn=baidu 	 200
2020-07-26 20:03:21,196 - config - access.py - INFO - https://www.baidu.com/s?ie=utf-8&ct=2097152&wd=三体&si=luoxia.com&tn=baidu 	 200
2020-07-26 20:03:21,199 - config - access.py - INFO - bdExtractLink()
2020-07-26 20:03:21,199 - config - access.py - WARNING - list index out of range
2020-07-26 20:04:41,886 - config - access.py - INFO - https://www.baidu.com/s?ie=utf-8&ct=2097152&wd=三体&si=luoxia.com&tn=baidu 	 200
2020-07-26 20:05:49,139 - config - access.py - INFO - https://www.baidu.com/s?ie=utf-8&ct=2097152&wd=三体&si=luoxia.com&tn=baidu 	 200
2020-07-26 20:06:25,711 - config - access.py - INFO - https://www.baidu.com/s?ie=utf-8&ct=2097152&wd=三体&si=luoxia.com&tn=baidu 	 200
2020-07-26 20:07:27,324 - config - access.py - INFO - https://www.baidu.com/s?ie=utf-8&ct=2097152&wd=santi&si=luoxia.com&tn=baidu 	 200
2020-07-26 20:07:27,324 - config - access.py - INFO - https://www.baidu.com/s?ie=utf-8&ct=2097152&wd=santi&si=luoxia.com&tn=baidu 	 200
2020-07-26 20:07:29,954 - config - access.py - INFO - https://www.baidu.com/s?ie=utf-8&ct=2097152&wd=santi&si=luoxia.com&tn=baidu/s?ie=utf-8&si=luoxia.com&ct=2097152&wd=santi&tn=baidu 	 200
2020-07-26 20:07:29,954 - config - access.py - INFO - https://www.baidu.com/s?ie=utf-8&ct=2097152&wd=santi&si=luoxia.com&tn=baidu/s?ie=utf-8&si=luoxia.com&ct=2097152&wd=santi&tn=baidu 	 200
2020-07-26 20:07:33,163 - config - access.py - INFO - https://www.baidu.com/s?ie=utf-8&ct=2097152&wd=santi&si=luoxia.com&tn=baidu/s?ie=utf-8&si=luoxia.com&ct=2097152&wd=santi&tn=baidu/s?ie=utf-8&wd=santi&si=luoxia.com&ct=2097152&tn=baidu 	 200
2020-07-26 20:07:33,163 - config - access.py - INFO - https://www.baidu.com/s?ie=utf-8&ct=2097152&wd=santi&si=luoxia.com&tn=baidu/s?ie=utf-8&si=luoxia.com&ct=2097152&wd=santi&tn=baidu/s?ie=utf-8&wd=santi&si=luoxia.com&ct=2097152&tn=baidu 	 200
2020-07-26 20:07:35,781 - config - access.py - INFO - https://www.baidu.com/s?ie=utf-8&ct=2097152&wd=santi&si=luoxia.com&tn=baidu/s?ie=utf-8&si=luoxia.com&ct=2097152&wd=santi&tn=baidu/s?ie=utf-8&wd=santi&si=luoxia.com&ct=2097152&tn=baidu/s?ie=utf-8&ct=2097152&wd=santi&si=luoxia.com&tn=baidu 	 200
2020-07-26 20:07:35,781 - config - access.py - INFO - https://www.baidu.com/s?ie=utf-8&ct=2097152&wd=santi&si=luoxia.com&tn=baidu/s?ie=utf-8&si=luoxia.com&ct=2097152&wd=santi&tn=baidu/s?ie=utf-8&wd=santi&si=luoxia.com&ct=2097152&tn=baidu/s?ie=utf-8&ct=2097152&wd=santi&si=luoxia.com&tn=baidu 	 200
2020-07-26 20:07:38,365 - config - access.py - INFO - https://www.baidu.com/s?ie=utf-8&ct=2097152&wd=santi&si=luoxia.com&tn=baidu/s?ie=utf-8&si=luoxia.com&ct=2097152&wd=santi&tn=baidu/s?ie=utf-8&wd=santi&si=luoxia.com&ct=2097152&tn=baidu/s?ie=utf-8&ct=2097152&wd=santi&si=luoxia.com&tn=baidu/s?ie=utf-8&si=luoxia.com&ct=2097152&wd=santi&tn=baidu 	 200
2020-07-26 20:07:38,365 - config - access.py - INFO - https://www.baidu.com/s?ie=utf-8&ct=2097152&wd=santi&si=luoxia.com&tn=baidu/s?ie=utf-8&si=luoxia.com&ct=2097152&wd=santi&tn=baidu/s?ie=utf-8&wd=santi&si=luoxia.com&ct=2097152&tn=baidu/s?ie=utf-8&ct=2097152&wd=santi&si=luoxia.com&tn=baidu/s?ie=utf-8&si=luoxia.com&ct=2097152&wd=santi&tn=baidu 	 200
2020-07-26 20:07:41,026 - config - access.py - INFO - https://www.baidu.com/s?ie=utf-8&ct=2097152&wd=santi&si=luoxia.com&tn=baidu/s?ie=utf-8&si=luoxia.com&ct=2097152&wd=santi&tn=baidu/s?ie=utf-8&wd=santi&si=luoxia.com&ct=2097152&tn=baidu/s?ie=utf-8&ct=2097152&wd=santi&si=luoxia.com&tn=baidu/s?ie=utf-8&si=luoxia.com&ct=2097152&wd=santi&tn=baidu/s?ie=utf-8&wd=santi&si=luoxia.com&ct=2097152&tn=baidu 	 200
2020-07-26 20:07:41,026 - config - access.py - INFO - https://www.baidu.com/s?ie=utf-8&ct=2097152&wd=santi&si=luoxia.com&tn=baidu/s?ie=utf-8&si=luoxia.com&ct=2097152&wd=santi&tn=baidu/s?ie=utf-8&wd=santi&si=luoxia.com&ct=2097152&tn=baidu/s?ie=utf-8&ct=2097152&wd=santi&si=luoxia.com&tn=baidu/s?ie=utf-8&si=luoxia.com&ct=2097152&wd=santi&tn=baidu/s?ie=utf-8&wd=santi&si=luoxia.com&ct=2097152&tn=baidu 	 200
2020-07-26 20:07:43,668 - config - access.py - INFO - https://www.baidu.com/s?ie=utf-8&ct=2097152&wd=santi&si=luoxia.com&tn=baidu/s?ie=utf-8&si=luoxia.com&ct=2097152&wd=santi&tn=baidu/s?ie=utf-8&wd=santi&si=luoxia.com&ct=2097152&tn=baidu/s?ie=utf-8&ct=2097152&wd=santi&si=luoxia.com&tn=baidu/s?ie=utf-8&si=luoxia.com&ct=2097152&wd=santi&tn=baidu/s?ie=utf-8&wd=santi&si=luoxia.com&ct=2097152&tn=baidu/s?ie=utf-8&ct=2097152&wd=santi&si=luoxia.com&tn=baidu 	 200
2020-07-26 20:07:43,668 - config - access.py - INFO - https://www.baidu.com/s?ie=utf-8&ct=2097152&wd=santi&si=luoxia.com&tn=baidu/s?ie=utf-8&si=luoxia.com&ct=2097152&wd=santi&tn=baidu/s?ie=utf-8&wd=santi&si=luoxia.com&ct=2097152&tn=baidu/s?ie=utf-8&ct=2097152&wd=santi&si=luoxia.com&tn=baidu/s?ie=utf-8&si=luoxia.com&ct=2097152&wd=santi&tn=baidu/s?ie=utf-8&wd=santi&si=luoxia.com&ct=2097152&tn=baidu/s?ie=utf-8&ct=2097152&wd=santi&si=luoxia.com&tn=baidu 	 200
2020-07-26 20:07:46,167 - config - access.py - INFO - https://www.baidu.com/s?ie=utf-8&ct=2097152&wd=santi&si=luoxia.com&tn=baidu/s?ie=utf-8&si=luoxia.com&ct=2097152&wd=santi&tn=baidu/s?ie=utf-8&wd=santi&si=luoxia.com&ct=2097152&tn=baidu/s?ie=utf-8&ct=2097152&wd=santi&si=luoxia.com&tn=baidu/s?ie=utf-8&si=luoxia.com&ct=2097152&wd=santi&tn=baidu/s?ie=utf-8&wd=santi&si=luoxia.com&ct=2097152&tn=baidu/s?ie=utf-8&ct=2097152&wd=santi&si=luoxia.com&tn=baidu/s?ie=utf-8&si=luoxia.com&ct=2097152&wd=santi&tn=baidu 	 200
2020-07-26 20:07:46,167 - config - access.py - INFO - https://www.baidu.com/s?ie=utf-8&ct=2097152&wd=santi&si=luoxia.com&tn=baidu/s?ie=utf-8&si=luoxia.com&ct=2097152&wd=santi&tn=baidu/s?ie=utf-8&wd=santi&si=luoxia.com&ct=2097152&tn=baidu/s?ie=utf-8&ct=2097152&wd=santi&si=luoxia.com&tn=baidu/s?ie=utf-8&si=luoxia.com&ct=2097152&wd=santi&tn=baidu/s?ie=utf-8&wd=santi&si=luoxia.com&ct=2097152&tn=baidu/s?ie=utf-8&ct=2097152&wd=santi&si=luoxia.com&tn=baidu/s?ie=utf-8&si=luoxia.com&ct=2097152&wd=santi&tn=baidu 	 200
2020-07-26 20:07:48,805 - config - access.py - INFO - https://www.baidu.com/s?ie=utf-8&ct=2097152&wd=santi&si=luoxia.com&tn=baidu/s?ie=utf-8&si=luoxia.com&ct=2097152&wd=santi&tn=baidu/s?ie=utf-8&wd=santi&si=luoxia.com&ct=2097152&tn=baidu/s?ie=utf-8&ct=2097152&wd=santi&si=luoxia.com&tn=baidu/s?ie=utf-8&si=luoxia.com&ct=2097152&wd=santi&tn=baidu/s?ie=utf-8&wd=santi&si=luoxia.com&ct=2097152&tn=baidu/s?ie=utf-8&ct=2097152&wd=santi&si=luoxia.com&tn=baidu/s?ie=utf-8&si=luoxia.com&ct=2097152&wd=santi&tn=baidu/s?ie=utf-8&wd=santi&si=luoxia.com&ct=2097152&tn=baidu 	 200
2020-07-26 20:07:48,805 - config - access.py - INFO - https://www.baidu.com/s?ie=utf-8&ct=2097152&wd=santi&si=luoxia.com&tn=baidu/s?ie=utf-8&si=luoxia.com&ct=2097152&wd=santi&tn=baidu/s?ie=utf-8&wd=santi&si=luoxia.com&ct=2097152&tn=baidu/s?ie=utf-8&ct=2097152&wd=santi&si=luoxia.com&tn=baidu/s?ie=utf-8&si=luoxia.com&ct=2097152&wd=santi&tn=baidu/s?ie=utf-8&wd=santi&si=luoxia.com&ct=2097152&tn=baidu/s?ie=utf-8&ct=2097152&wd=santi&si=luoxia.com&tn=baidu/s?ie=utf-8&si=luoxia.com&ct=2097152&wd=santi&tn=baidu/s?ie=utf-8&wd=santi&si=luoxia.com&ct=2097152&tn=baidu 	 200
2020-07-26 20:07:51,504 - config - access.py - INFO - https://www.baidu.com/s?ie=utf-8&ct=2097152&wd=santi&si=luoxia.com&tn=baidu/s?ie=utf-8&si=luoxia.com&ct=2097152&wd=santi&tn=baidu/s?ie=utf-8&wd=santi&si=luoxia.com&ct=2097152&tn=baidu/s?ie=utf-8&ct=2097152&wd=santi&si=luoxia.com&tn=baidu/s?ie=utf-8&si=luoxia.com&ct=2097152&wd=santi&tn=baidu/s?ie=utf-8&wd=santi&si=luoxia.com&ct=2097152&tn=baidu/s?ie=utf-8&ct=2097152&wd=santi&si=luoxia.com&tn=baidu/s?ie=utf-8&si=luoxia.com&ct=2097152&wd=santi&tn=baidu/s?ie=utf-8&wd=santi&si=luoxia.com&ct=2097152&tn=baidu/s?ie=utf-8&ct=2097152&wd=santi&si=luoxia.com&tn=baidu 	 200
2020-07-26 20:07:51,504 - config - access.py - INFO - https://www.baidu.com/s?ie=utf-8&ct=2097152&wd=santi&si=luoxia.com&tn=baidu/s?ie=utf-8&si=luoxia.com&ct=2097152&wd=santi&tn=baidu/s?ie=utf-8&wd=santi&si=luoxia.com&ct=2097152&tn=baidu/s?ie=utf-8&ct=2097152&wd=santi&si=luoxia.com&tn=baidu/s?ie=utf-8&si=luoxia.com&ct=2097152&wd=santi&tn=baidu/s?ie=utf-8&wd=santi&si=luoxia.com&ct=2097152&tn=baidu/s?ie=utf-8&ct=2097152&wd=santi&si=luoxia.com&tn=baidu/s?ie=utf-8&si=luoxia.com&ct=2097152&wd=santi&tn=baidu/s?ie=utf-8&wd=santi&si=luoxia.com&ct=2097152&tn=baidu/s?ie=utf-8&ct=2097152&wd=santi&si=luoxia.com&tn=baidu 	 200
2020-07-26 20:09:35,123 - config - access.py - INFO - https://www.baidu.com/s?ie=utf-8&ct=2097152&wd=三体&si=luoxia.com&tn=baidu 	 200
2020-07-26 20:09:35,123 - config - access.py - INFO - https://www.baidu.com/s?ie=utf-8&ct=2097152&wd=三体&si=luoxia.com&tn=baidu 	 200
2020-07-26 20:09:38,170 - config - access.py - INFO - http://www.baidu.com/link?url=PTby4uP46l7hgMOn8qxwZZ1-YgJC1GibCkmYPujDvpaWW_vsz6LSieOEv3sA3Aw_ 	 200
2020-07-26 20:09:38,170 - config - access.py - INFO - http://www.baidu.com/link?url=PTby4uP46l7hgMOn8qxwZZ1-YgJC1GibCkmYPujDvpaWW_vsz6LSieOEv3sA3Aw_ 	 200
2020-07-26 20:09:38,180 - config - access.py - INFO - list index out of range
2020-07-26 20:09:38,180 - config - access.py - INFO - list index out of range
2020-07-26 20:09:38,183 - config - access.py - INFO - list index out of range
2020-07-26 20:09:38,183 - config - access.py - INFO - list index out of range
2020-07-26 20:09:41,580 - config - access.py - INFO - https://www.luoxia.com/santi/85918.htm 	 200
2020-07-26 20:09:41,580 - config - access.py - INFO - https://www.luoxia.com/santi/85918.htm 	 200
2020-07-26 20:10:01,443 - config - access.py - INFO - https://www.baidu.com/s?ie=utf-8&ct=2097152&wd=三体&si=shizongzui.cc&tn=baidu 	 200
2020-07-26 20:10:01,443 - config - access.py - INFO - https://www.baidu.com/s?ie=utf-8&ct=2097152&wd=三体&si=shizongzui.cc&tn=baidu 	 200
2020-07-26 20:10:03,749 - config - access.py - INFO - https://www.baidu.com/s?ie=utf-8&si=shizongzui.cc&ct=2097152&wd=三体&tn=baidu 	 200
2020-07-26 20:10:03,749 - config - access.py - INFO - https://www.baidu.com/s?ie=utf-8&si=shizongzui.cc&ct=2097152&wd=三体&tn=baidu 	 200
2020-07-26 20:10:06,115 - config - access.py - INFO - https://www.baidu.com/s?ie=utf-8&wd=三体&si=shizongzui.cc&ct=2097152&tn=baidu 	 200
2020-07-26 20:10:06,115 - config - access.py - INFO - https://www.baidu.com/s?ie=utf-8&wd=三体&si=shizongzui.cc&ct=2097152&tn=baidu 	 200
2020-07-26 20:10:08,437 - config - access.py - INFO - https://www.baidu.com/s?ie=utf-8&ct=2097152&wd=三体&si=shizongzui.cc&tn=baidu 	 200
2020-07-26 20:10:08,437 - config - access.py - INFO - https://www.baidu.com/s?ie=utf-8&ct=2097152&wd=三体&si=shizongzui.cc&tn=baidu 	 200
2020-07-26 20:10:10,798 - config - access.py - INFO - https://www.baidu.com/s?ie=utf-8&si=shizongzui.cc&ct=2097152&wd=三体&tn=baidu 	 200
2020-07-26 20:10:10,798 - config - access.py - INFO - https://www.baidu.com/s?ie=utf-8&si=shizongzui.cc&ct=2097152&wd=三体&tn=baidu 	 200
2020-07-26 20:10:13,111 - config - access.py - INFO - https://www.baidu.com/s?ie=utf-8&wd=三体&si=shizongzui.cc&ct=2097152&tn=baidu 	 200
2020-07-26 20:10:13,111 - config - access.py - INFO - https://www.baidu.com/s?ie=utf-8&wd=三体&si=shizongzui.cc&ct=2097152&tn=baidu 	 200
2020-07-26 20:10:15,863 - config - access.py - INFO - https://www.baidu.com/s?ie=utf-8&ct=2097152&wd=三体&si=shizongzui.cc&tn=baidu 	 200
2020-07-26 20:10:15,863 - config - access.py - INFO - https://www.baidu.com/s?ie=utf-8&ct=2097152&wd=三体&si=shizongzui.cc&tn=baidu 	 200
2020-07-26 20:10:19,747 - config - access.py - INFO - http://www.baidu.com/link?url=uU4GUh5A-3OnPLITfKy6wKBvcaJEc-0P7dDHQYKY7lOFsJcRjEWg6Jq1QGV3R6Yq 	 200
2020-07-26 20:10:19,747 - config - access.py - INFO - http://www.baidu.com/link?url=uU4GUh5A-3OnPLITfKy6wKBvcaJEc-0P7dDHQYKY7lOFsJcRjEWg6Jq1QGV3R6Yq 	 200
2020-07-26 20:10:22,595 - config - access.py - INFO - http://www.shizongzui.cc/santi/282.html 	 200
2020-07-26 20:10:22,595 - config - access.py - INFO - http://www.shizongzui.cc/santi/282.html 	 200
2020-07-26 20:11:17,138 - config - access.py - INFO - https://www.baidu.com/s?ie=utf-8&ct=2097152&wd=三体&si=luoxia.com&tn=baidu 	 200
2020-07-26 20:11:35,889 - config - access.py - INFO - https://www.baidu.com/s?ie=utf-8&ct=2097152&wd=三体&si=shizongzui.cc&tn=baidu 	 200
2020-07-26 20:11:35,889 - config - access.py - INFO - https://www.baidu.com/s?ie=utf-8&ct=2097152&wd=三体&si=shizongzui.cc&tn=baidu 	 200
2020-07-26 20:11:38,862 - config - access.py - INFO - http://www.baidu.com/link?url=qmsA4T9QsUdMxgSFiwF40Ddzdbhm9NlLe3iL1qQhioWMcmOg6jzbZzs2zhEgbmv0 	 200
2020-07-26 20:11:38,862 - config - access.py - INFO - http://www.baidu.com/link?url=qmsA4T9QsUdMxgSFiwF40Ddzdbhm9NlLe3iL1qQhioWMcmOg6jzbZzs2zhEgbmv0 	 200
2020-07-26 20:11:41,728 - config - access.py - INFO - http://www.shizongzui.cc/santi/282.html 	 200
2020-07-26 20:11:41,728 - config - access.py - INFO - http://www.shizongzui.cc/santi/282.html 	 200
2020-07-26 20:12:06,646 - config - access.py - INFO - http://www.shizongzui.cc/santi/283.html 	 200
2020-07-26 20:12:06,646 - config - access.py - INFO - http://www.shizongzui.cc/santi/283.html 	 200
2020-07-26 20:12:30,008 - config - access.py - INFO - https://www.baidu.com/s?ie=utf-8&ct=2097152&wd=三体&si=99csw.com&tn=baidu 	 200
2020-07-26 20:12:30,008 - config - access.py - INFO - https://www.baidu.com/s?ie=utf-8&ct=2097152&wd=三体&si=99csw.com&tn=baidu 	 200
2020-07-26 20:12:35,004 - config - access.py - INFO - http://www.baidu.com/link?url=2_kcGFULpmOGesd7t4XR05Uk5SP4mO4jG-fgBdkwFbg4nPX4MVIksnzwdzeuERhubbMLuBlJ-oOeEXs2e5pAq_ 	 200
2020-07-26 20:12:35,004 - config - access.py - INFO - http://www.baidu.com/link?url=2_kcGFULpmOGesd7t4XR05Uk5SP4mO4jG-fgBdkwFbg4nPX4MVIksnzwdzeuERhubbMLuBlJ-oOeEXs2e5pAq_ 	 200
2020-07-26 20:12:38,037 - config - access.py - INFO - http://99csw.com/book/576/18058.htm 	 200
2020-07-26 20:12:38,037 - config - access.py - INFO - http://99csw.com/book/576/18058.htm 	 200
2020-07-26 20:13:44,510 - config - access.py - INFO - https://www.baidu.com/s?ie=utf-8&ct=2097152&wd=三体&si=luoxia.com&tn=baidu 	 200
2020-07-26 20:14:04,606 - config - access.py - INFO - https://www.baidu.com/s?ie=utf-8&ct=2097152&wd=三体&si=99csw.com&tn=baidu 	 200
2020-07-26 20:14:04,606 - config - access.py - INFO - https://www.baidu.com/s?ie=utf-8&ct=2097152&wd=三体&si=99csw.com&tn=baidu 	 200
2020-07-26 20:14:07,653 - config - access.py - INFO - http://www.baidu.com/link?url=tOcqG9shR3tdPTwil6SpAYU0sv1PN6D1dYYTLVrIoPEKVH5JX4GlXdR6qPyc5UqS7L-msXXxcQo-YS8g6Pul0_ 	 200
2020-07-26 20:14:07,653 - config - access.py - INFO - http://www.baidu.com/link?url=tOcqG9shR3tdPTwil6SpAYU0sv1PN6D1dYYTLVrIoPEKVH5JX4GlXdR6qPyc5UqS7L-msXXxcQo-YS8g6Pul0_ 	 200
2020-07-26 20:14:10,809 - config - access.py - INFO - http://99csw.com/book/576/18058.htm 	 200
2020-07-26 20:14:10,809 - config - access.py - INFO - http://99csw.com/book/576/18058.htm 	 200
2020-07-26 21:13:06,871 - config - access.py - INFO - https://www.baidu.com/s?ie=utf-8&ct=2097152&wd=三体&si=99csw.com&tn=baidu 	 200
2020-07-26 21:13:06,871 - config - access.py - INFO - https://www.baidu.com/s?ie=utf-8&ct=2097152&wd=三体&si=99csw.com&tn=baidu 	 200
2020-07-26 21:13:11,123 - config - access.py - INFO - http://www.baidu.com/link?url=ZXIbF1Tn4fIHA-ROUbWf-Fn3XsC0WOdZdoSEQXlATzYqnbdaR8CXoEOqY8kJsas5V8evjssocAD8dPrKTj9VFK 	 200
2020-07-26 21:13:11,123 - config - access.py - INFO - http://www.baidu.com/link?url=ZXIbF1Tn4fIHA-ROUbWf-Fn3XsC0WOdZdoSEQXlATzYqnbdaR8CXoEOqY8kJsas5V8evjssocAD8dPrKTj9VFK 	 200
2020-07-26 21:13:14,447 - config - access.py - INFO - http://99csw.com/book/576/18058.htm 	 200
2020-07-26 21:13:14,447 - config - access.py - INFO - http://99csw.com/book/576/18058.htm 	 200
2020-07-26 21:13:37,482 - config - access.py - INFO - http://99csw.com/book/576/18058.htm 	 200
2020-07-26 21:13:37,482 - config - access.py - INFO - http://99csw.com/book/576/18058.htm 	 200
2020-07-26 21:14:16,233 - config - access.py - INFO - http://99csw.com/book/576/18058.htm 	 200
2020-07-26 21:14:16,233 - config - access.py - INFO - http://99csw.com/book/576/18058.htm 	 200
2020-07-26 21:14:24,665 - config - access.py - INFO - https://www.baidu.com/s?ie=utf-8&ct=2097152&wd=三体&si=luoxia.com&tn=baidu 	 200
2020-07-26 21:14:24,665 - config - access.py - INFO - https://www.baidu.com/s?ie=utf-8&ct=2097152&wd=三体&si=luoxia.com&tn=baidu 	 200
2020-07-26 21:14:27,207 - config - access.py - INFO - https://www.baidu.com/s?ie=utf-8&si=luoxia.com&ct=2097152&wd=三体&tn=baidu 	 200
2020-07-26 21:14:27,207 - config - access.py - INFO - https://www.baidu.com/s?ie=utf-8&si=luoxia.com&ct=2097152&wd=三体&tn=baidu 	 200
2020-07-26 21:14:31,995 - config - access.py - INFO - http://www.baidu.com/link?url=llZK4cTIORyrwh861MbkgB3-cGDfajI-5v_yctGdHOoe8YXI1FXhP1gvqv2LjGLC 	 200
2020-07-26 21:14:31,995 - config - access.py - INFO - http://www.baidu.com/link?url=llZK4cTIORyrwh861MbkgB3-cGDfajI-5v_yctGdHOoe8YXI1FXhP1gvqv2LjGLC 	 200
2020-07-26 21:14:32,003 - config - access.py - INFO - list index out of range
2020-07-26 21:14:32,003 - config - access.py - INFO - list index out of range
2020-07-26 21:14:32,006 - config - access.py - INFO - list index out of range
2020-07-26 21:14:32,006 - config - access.py - INFO - list index out of range
2020-07-26 21:14:35,431 - config - access.py - INFO - https://www.luoxia.com/santi/85918.htm 	 200
2020-07-26 21:14:35,431 - config - access.py - INFO - https://www.luoxia.com/santi/85918.htm 	 200
2020-07-26 21:14:58,504 - config - access.py - INFO - https://www.luoxia.com/santi/26660.htm 	 200
2020-07-26 21:14:58,504 - config - access.py - INFO - https://www.luoxia.com/santi/26660.htm 	 200
